2016-03-27 16:20:50 [org.quartz.ee.servlet.QuartzInitializerListener:147] - Quartz Initializer Servlet loaded, initializing Scheduler...
2016-03-27 16:20:50 [org.quartz.impl.StdSchedulerFactory:1172] - Using default implementation for ThreadExecutor
2016-03-27 16:20:50 [org.quartz.core.SchedulerSignalerImpl:61] - Initialized Scheduler Signaller of type: class org.quartz.core.SchedulerSignalerImpl
2016-03-27 16:20:50 [org.quartz.core.QuartzScheduler:240] - Quartz Scheduler v.2.2.2 created.
2016-03-27 16:20:50 [org.quartz.plugins.xml.XMLSchedulingDataProcessorPlugin:200] - Registering Quartz Job Initialization Plug-in.
2016-03-27 16:20:50 [org.quartz.simpl.RAMJobStore:155] - RAMJobStore initialized.
2016-03-27 16:20:50 [org.quartz.core.QuartzScheduler:305] - Scheduler meta-data: Quartz Scheduler (v2.2.2) 'MyScheduler' with instanceId 'NON_CLUSTERED'
  Scheduler class: 'org.quartz.core.QuartzScheduler' - running locally.
  NOT STARTED.
  Currently in standby mode.
  Number of jobs executed: 0
  Using thread pool 'org.quartz.simpl.SimpleThreadPool' - with 3 threads.
  Using job-store 'org.quartz.simpl.RAMJobStore' - which does not support persistence. and is not clustered.

2016-03-27 16:20:50 [org.quartz.impl.StdSchedulerFactory:1327] - Quartz scheduler 'MyScheduler' initialized from default resource file in Quartz package: 'quartz.properties'
2016-03-27 16:20:50 [org.quartz.impl.StdSchedulerFactory:1331] - Quartz scheduler version: 2.2.2
2016-03-27 16:20:50 [org.quartz.xml.XMLSchedulingDataProcessor:452] - Parsing XML file: quartz-config.xml with systemId: quartz-config.xml
2016-03-27 16:20:51 [org.quartz.xml.XMLSchedulingDataProcessor:977] - Adding 2 jobs, 2 triggers.
2016-03-27 16:20:51 [org.quartz.xml.XMLSchedulingDataProcessor:1015] - Adding job: AGroup.AJob
2016-03-27 16:20:51 [org.quartz.xml.XMLSchedulingDataProcessor:1015] - Adding job: BGroup.BJob
2016-03-27 16:20:51 [org.quartz.core.QuartzScheduler:575] - Scheduler MyScheduler_$_NON_CLUSTERED started.
2016-03-27 16:20:51 [org.quartz.ee.servlet.QuartzInitializerListener:199] - Scheduler has been started...
2016-03-27 16:20:51 [org.quartz.ee.servlet.QuartzInitializerListener:217] - Storing the Quartz Scheduler Factory in the servlet context at key: org.quartz.impl.StdSchedulerFactory.KEY
2016-03-27 16:20:52 [com.alibaba.druid.pool.DruidDataSource:686] - {dataSource-1} inited
2016-03-27 16:20:56 [com.demo.job.city.CityToRedisJob:39] - 执行存入完成
2016-03-27 16:20:56 [com.demo.job.listener.ServerStartListener:25] - 服务器启动，执行city to redis job成功
2016-03-27 16:20:56 [com.demo.web.filter.CharacterEncodingFilter:70] - 初始化字符集过滤
2016-03-27 16:27:32 [com.demo.web.servlet.Error404Servlet:42] - statusCode=404
2016-03-27 16:27:32 [com.demo.web.servlet.Error404Servlet:43] - servletName=default
2016-03-27 16:27:32 [com.demo.web.servlet.Error404Servlet:44] - message=Not Found
2016-03-27 16:27:32 [com.demo.web.servlet.Error404Servlet:45] - requestUri=/favicon.ico
2016-03-27 16:27:36 [com.demo.web.jsptag.JspTitleTag:27] - doTag 开始
2016-03-27 16:27:36 [com.demo.web.jsptag.JspTitleTag:34] - doTag strPropTitle=*
2016-03-27 16:27:36 [com.demo.web.jsptag.JspTitleTag:37] - doTag 结束
2016-03-27 16:28:08 [com.demo.web.servlet.Error404Servlet:42] - statusCode=404
2016-03-27 16:28:08 [com.demo.web.servlet.Error404Servlet:43] - servletName=default
2016-03-27 16:28:08 [com.demo.web.servlet.Error404Servlet:44] - message=Not Found
2016-03-27 16:28:08 [com.demo.web.servlet.Error404Servlet:45] - requestUri=/admin
2016-03-27 16:28:08 [com.demo.web.jsptag.JspTitleTag:27] - doTag 开始
2016-03-27 16:28:08 [com.demo.web.jsptag.JspTitleTag:34] - doTag strPropTitle=*
2016-03-27 16:28:08 [com.demo.web.jsptag.JspTitleTag:37] - doTag 结束
2016-03-27 16:28:09 [com.demo.service.impl.CityServiceImpl:27] - redis key is city:1
2016-03-27 16:28:09 [com.demo.web.servlet.Error404Servlet:42] - statusCode=404
2016-03-27 16:28:09 [com.demo.web.servlet.Error404Servlet:43] - servletName=default
2016-03-27 16:28:09 [com.demo.web.servlet.Error404Servlet:44] - message=Not Found
2016-03-27 16:28:09 [com.demo.web.servlet.Error404Servlet:45] - requestUri=/favicon.ico
2016-03-27 16:28:09 [com.demo.web.jsptag.JspTitleTag:27] - doTag 开始
2016-03-27 16:28:09 [com.demo.web.jsptag.JspTitleTag:34] - doTag strPropTitle=*
2016-03-27 16:28:09 [com.demo.web.jsptag.JspTitleTag:37] - doTag 结束
2016-03-27 16:28:09 [com.demo.service.impl.CityServiceImpl:32] - city mapper object City [id=1, name=北京市]
2016-03-27 16:28:49 [com.demo.web.servlet.Error404Servlet:42] - statusCode=404
2016-03-27 16:28:49 [com.demo.web.servlet.Error404Servlet:43] - servletName=default
2016-03-27 16:28:49 [com.demo.web.servlet.Error404Servlet:44] - message=Not Found
2016-03-27 16:28:49 [com.demo.web.servlet.Error404Servlet:45] - requestUri=/admin/img/profile_small.jpg
2016-03-27 16:28:49 [com.demo.web.jsptag.JspTitleTag:27] - doTag 开始
2016-03-27 16:28:49 [com.demo.web.jsptag.JspTitleTag:34] - doTag strPropTitle=*
2016-03-27 16:28:49 [com.demo.web.jsptag.JspTitleTag:37] - doTag 结束
2016-03-27 16:28:49 [com.demo.web.servlet.Error404Servlet:42] - statusCode=404
2016-03-27 16:28:49 [com.demo.web.servlet.Error404Servlet:43] - servletName=default
2016-03-27 16:28:49 [com.demo.web.servlet.Error404Servlet:44] - message=Not Found
2016-03-27 16:28:49 [com.demo.web.servlet.Error404Servlet:45] - requestUri=/admin/img/a7.jpg
2016-03-27 16:28:49 [com.demo.web.jsptag.JspTitleTag:27] - doTag 开始
2016-03-27 16:28:49 [com.demo.web.jsptag.JspTitleTag:34] - doTag strPropTitle=*
2016-03-27 16:28:49 [com.demo.web.jsptag.JspTitleTag:37] - doTag 结束
2016-03-27 16:28:49 [com.demo.web.servlet.Error404Servlet:42] - statusCode=404
2016-03-27 16:28:49 [com.demo.web.servlet.Error404Servlet:43] - servletName=default
2016-03-27 16:28:49 [com.demo.web.servlet.Error404Servlet:44] - message=Not Found
2016-03-27 16:28:49 [com.demo.web.servlet.Error404Servlet:45] - requestUri=/admin/img/a4.jpg
2016-03-27 16:28:49 [com.demo.web.jsptag.JspTitleTag:27] - doTag 开始
2016-03-27 16:28:49 [com.demo.web.jsptag.JspTitleTag:34] - doTag strPropTitle=*
2016-03-27 16:28:49 [com.demo.web.jsptag.JspTitleTag:37] - doTag 结束
2016-03-27 16:28:49 [com.demo.web.servlet.Error404Servlet:42] - statusCode=404
2016-03-27 16:28:49 [com.demo.web.servlet.Error404Servlet:43] - servletName=default
2016-03-27 16:28:49 [com.demo.web.servlet.Error404Servlet:44] - message=Not Found
2016-03-27 16:28:49 [com.demo.web.servlet.Error404Servlet:45] - requestUri=/admin/img/profile.jpg
2016-03-27 16:28:49 [com.demo.web.jsptag.JspTitleTag:27] - doTag 开始
2016-03-27 16:28:49 [com.demo.web.jsptag.JspTitleTag:34] - doTag strPropTitle=*
2016-03-27 16:28:49 [com.demo.web.jsptag.JspTitleTag:37] - doTag 结束
2016-03-27 16:28:49 [com.demo.web.servlet.Error404Servlet:42] - statusCode=404
2016-03-27 16:28:49 [com.demo.web.servlet.Error404Servlet:43] - servletName=default
2016-03-27 16:28:49 [com.demo.web.servlet.Error404Servlet:44] - message=Not Found
2016-03-27 16:28:49 [com.demo.web.servlet.Error404Servlet:45] - requestUri=/admin/skin-config.html
2016-03-27 16:28:49 [com.demo.web.jsptag.JspTitleTag:27] - doTag 开始
2016-03-27 16:28:49 [com.demo.web.jsptag.JspTitleTag:34] - doTag strPropTitle=*
2016-03-27 16:28:49 [com.demo.web.jsptag.JspTitleTag:37] - doTag 结束
2016-03-27 16:28:50 [com.demo.web.servlet.Error404Servlet:42] - statusCode=404
2016-03-27 16:28:50 [com.demo.web.servlet.Error404Servlet:43] - servletName=default
2016-03-27 16:28:50 [com.demo.web.servlet.Error404Servlet:44] - message=Not Found
2016-03-27 16:28:50 [com.demo.web.servlet.Error404Servlet:45] - requestUri=/upload/image/driver/1458710145790.JPG
2016-03-27 16:28:50 [com.demo.web.servlet.Error404Servlet:42] - statusCode=404
2016-03-27 16:28:50 [com.demo.web.servlet.Error404Servlet:43] - servletName=default
2016-03-27 16:28:50 [com.demo.web.servlet.Error404Servlet:44] - message=Not Found
2016-03-27 16:28:50 [com.demo.web.servlet.Error404Servlet:45] - requestUri=/upload/image/driver/1458710156652.JPG
2016-03-27 16:28:50 [com.demo.web.servlet.Error404Servlet:42] - statusCode=404
2016-03-27 16:28:50 [com.demo.web.servlet.Error404Servlet:43] - servletName=default
2016-03-27 16:28:50 [com.demo.web.servlet.Error404Servlet:44] - message=Not Found
2016-03-27 16:28:50 [com.demo.web.servlet.Error404Servlet:45] - requestUri=/upload/image/driver/1458710150326.JPG
2016-03-27 16:28:50 [com.demo.web.jsptag.JspTitleTag:27] - doTag 开始
2016-03-27 16:28:50 [com.demo.web.jsptag.JspTitleTag:34] - doTag strPropTitle=*
2016-03-27 16:28:50 [com.demo.web.jsptag.JspTitleTag:37] - doTag 结束
2016-03-27 16:28:50 [com.demo.web.jsptag.JspTitleTag:27] - doTag 开始
2016-03-27 16:28:50 [com.demo.web.jsptag.JspTitleTag:34] - doTag strPropTitle=*
2016-03-27 16:28:50 [com.demo.web.jsptag.JspTitleTag:37] - doTag 结束
2016-03-27 16:28:50 [com.demo.web.jsptag.JspTitleTag:27] - doTag 开始
2016-03-27 16:28:50 [com.demo.web.jsptag.JspTitleTag:34] - doTag strPropTitle=*
2016-03-27 16:28:50 [com.demo.web.jsptag.JspTitleTag:37] - doTag 结束
2016-03-27 16:34:32 [com.demo.web.filter.CharacterEncodingFilter:41] - 销毁字符集过滤
2016-03-27 16:34:32 [org.quartz.core.QuartzScheduler:694] - Scheduler MyScheduler_$_NON_CLUSTERED shutting down.
2016-03-27 16:34:32 [org.quartz.core.QuartzScheduler:613] - Scheduler MyScheduler_$_NON_CLUSTERED paused.
2016-03-27 16:34:32 [org.quartz.core.QuartzScheduler:771] - Scheduler MyScheduler_$_NON_CLUSTERED shutdown complete.
2016-03-27 16:34:32 [org.quartz.ee.servlet.QuartzInitializerListener:264] - Quartz Scheduler successful shutdown.
