2016-04-08 15:09:23 [org.quartz.ee.servlet.QuartzInitializerListener:147] - Quartz Initializer Servlet loaded, initializing Scheduler...
2016-04-08 15:09:23 [org.quartz.impl.StdSchedulerFactory:1172] - Using default implementation for ThreadExecutor
2016-04-08 15:09:23 [org.quartz.core.SchedulerSignalerImpl:61] - Initialized Scheduler Signaller of type: class org.quartz.core.SchedulerSignalerImpl
2016-04-08 15:09:23 [org.quartz.core.QuartzScheduler:240] - Quartz Scheduler v.2.2.2 created.
2016-04-08 15:09:23 [org.quartz.plugins.xml.XMLSchedulingDataProcessorPlugin:200] - Registering Quartz Job Initialization Plug-in.
2016-04-08 15:09:23 [org.quartz.simpl.RAMJobStore:155] - RAMJobStore initialized.
2016-04-08 15:09:23 [org.quartz.core.QuartzScheduler:305] - Scheduler meta-data: Quartz Scheduler (v2.2.2) 'MyScheduler' with instanceId 'NON_CLUSTERED'
  Scheduler class: 'org.quartz.core.QuartzScheduler' - running locally.
  NOT STARTED.
  Currently in standby mode.
  Number of jobs executed: 0
  Using thread pool 'org.quartz.simpl.SimpleThreadPool' - with 3 threads.
  Using job-store 'org.quartz.simpl.RAMJobStore' - which does not support persistence. and is not clustered.

2016-04-08 15:09:23 [org.quartz.impl.StdSchedulerFactory:1327] - Quartz scheduler 'MyScheduler' initialized from default resource file in Quartz package: 'quartz.properties'
2016-04-08 15:09:23 [org.quartz.impl.StdSchedulerFactory:1331] - Quartz scheduler version: 2.2.2
2016-04-08 15:09:23 [org.quartz.xml.XMLSchedulingDataProcessor:452] - Parsing XML file: quartz-config.xml with systemId: quartz-config.xml
2016-04-08 15:09:23 [org.quartz.xml.XMLSchedulingDataProcessor:977] - Adding 2 jobs, 2 triggers.
2016-04-08 15:09:23 [org.quartz.xml.XMLSchedulingDataProcessor:1015] - Adding job: AGroup.AJob
2016-04-08 15:09:23 [org.quartz.xml.XMLSchedulingDataProcessor:1015] - Adding job: BGroup.BJob
2016-04-08 15:09:23 [org.quartz.core.QuartzScheduler:575] - Scheduler MyScheduler_$_NON_CLUSTERED started.
2016-04-08 15:09:23 [org.quartz.ee.servlet.QuartzInitializerListener:199] - Scheduler has been started...
2016-04-08 15:09:23 [org.quartz.ee.servlet.QuartzInitializerListener:217] - Storing the Quartz Scheduler Factory in the servlet context at key: org.quartz.impl.StdSchedulerFactory.KEY
2016-04-08 15:09:26 [com.demo.job.city.CityToRedisJob:39] - 执行存入完成
2016-04-08 15:09:26 [com.demo.job.listener.ServerStartListener:25] - 服务器启动，执行city to redis job成功
2016-04-08 15:09:26 [com.demo.web.filter.CharacterEncodingFilter:70] - 初始化字符集过滤
2016-04-08 15:09:35 [com.demo.web.servlet.Error404Servlet:42] - statusCode=404
2016-04-08 15:09:35 [com.demo.web.servlet.Error404Servlet:43] - servletName=default
2016-04-08 15:09:35 [com.demo.web.servlet.Error404Servlet:44] - message=Not Found
2016-04-08 15:09:35 [com.demo.web.servlet.Error404Servlet:45] - requestUri=/css/bootstrap.min.css.map
2016-04-08 15:09:36 [com.demo.web.servlet.Error404Servlet:42] - statusCode=404
2016-04-08 15:09:36 [com.demo.web.servlet.Error404Servlet:43] - servletName=default
2016-04-08 15:09:36 [com.demo.web.servlet.Error404Servlet:44] - message=Not Found
2016-04-08 15:09:36 [com.demo.web.servlet.Error404Servlet:45] - requestUri=/toastr.js.map
2016-04-08 15:09:42 [com.demo.web.servlet.Error404Servlet:42] - statusCode=404
2016-04-08 15:09:42 [com.demo.web.servlet.Error404Servlet:43] - servletName=default
2016-04-08 15:09:42 [com.demo.web.servlet.Error404Servlet:44] - message=Not Found
2016-04-08 15:09:42 [com.demo.web.servlet.Error404Servlet:45] - requestUri=/css/bootstrap.min.css.map
2016-04-08 15:09:42 [com.demo.web.servlet.Error404Servlet:42] - statusCode=404
2016-04-08 15:09:42 [com.demo.web.servlet.Error404Servlet:43] - servletName=default
2016-04-08 15:09:42 [com.demo.web.servlet.Error404Servlet:44] - message=Not Found
2016-04-08 15:09:42 [com.demo.web.servlet.Error404Servlet:45] - requestUri=/toastr.js.map
2016-04-08 15:09:48 [com.demo.web.servlet.Error404Servlet:42] - statusCode=404
2016-04-08 15:09:48 [com.demo.web.servlet.Error404Servlet:43] - servletName=default
2016-04-08 15:09:48 [com.demo.web.servlet.Error404Servlet:44] - message=Not Found
2016-04-08 15:09:48 [com.demo.web.servlet.Error404Servlet:45] - requestUri=/css/bootstrap.min.css.map
2016-04-08 15:09:48 [com.demo.web.servlet.Error404Servlet:42] - statusCode=404
2016-04-08 15:09:48 [com.demo.web.servlet.Error404Servlet:43] - servletName=default
2016-04-08 15:09:48 [com.demo.web.servlet.Error404Servlet:44] - message=Not Found
2016-04-08 15:09:48 [com.demo.web.servlet.Error404Servlet:45] - requestUri=/toastr.js.map
2016-04-08 15:12:10 [com.demo.web.servlet.Error404Servlet:42] - statusCode=404
2016-04-08 15:12:10 [com.demo.web.servlet.Error404Servlet:43] - servletName=default
2016-04-08 15:12:10 [com.demo.web.servlet.Error404Servlet:44] - message=Not Found
2016-04-08 15:12:10 [com.demo.web.servlet.Error404Servlet:45] - requestUri=/css/bootstrap.min.css.map
2016-04-08 15:12:10 [com.demo.web.servlet.Error404Servlet:42] - statusCode=404
2016-04-08 15:12:10 [com.demo.web.servlet.Error404Servlet:43] - servletName=default
2016-04-08 15:12:10 [com.demo.web.servlet.Error404Servlet:44] - message=Not Found
2016-04-08 15:12:10 [com.demo.web.servlet.Error404Servlet:45] - requestUri=/toastr.js.map
2016-04-08 15:24:02 [com.demo.web.servlet.Error404Servlet:42] - statusCode=404
2016-04-08 15:24:02 [com.demo.web.servlet.Error404Servlet:43] - servletName=default
2016-04-08 15:24:02 [com.demo.web.servlet.Error404Servlet:44] - message=Not Found
2016-04-08 15:24:02 [com.demo.web.servlet.Error404Servlet:45] - requestUri=/css/bootstrap.min.css.map
2016-04-08 15:24:03 [com.demo.web.servlet.Error404Servlet:42] - statusCode=404
2016-04-08 15:24:03 [com.demo.web.servlet.Error404Servlet:43] - servletName=default
2016-04-08 15:24:03 [com.demo.web.servlet.Error404Servlet:44] - message=Not Found
2016-04-08 15:24:03 [com.demo.web.servlet.Error404Servlet:45] - requestUri=/toastr.js.map
2016-04-08 15:24:32 [com.demo.web.servlet.Error404Servlet:42] - statusCode=404
2016-04-08 15:24:32 [com.demo.web.servlet.Error404Servlet:43] - servletName=default
2016-04-08 15:24:32 [com.demo.web.servlet.Error404Servlet:44] - message=Not Found
2016-04-08 15:24:32 [com.demo.web.servlet.Error404Servlet:45] - requestUri=/css/bootstrap.min.css.map
2016-04-08 15:24:32 [com.demo.web.servlet.Error404Servlet:42] - statusCode=404
2016-04-08 15:24:32 [com.demo.web.servlet.Error404Servlet:43] - servletName=default
2016-04-08 15:24:32 [com.demo.web.servlet.Error404Servlet:44] - message=Not Found
2016-04-08 15:24:32 [com.demo.web.servlet.Error404Servlet:45] - requestUri=/toastr.js.map
2016-04-08 15:26:33 [com.demo.web.servlet.Error404Servlet:42] - statusCode=404
2016-04-08 15:26:33 [com.demo.web.servlet.Error404Servlet:43] - servletName=default
2016-04-08 15:26:33 [com.demo.web.servlet.Error404Servlet:44] - message=Not Found
2016-04-08 15:26:33 [com.demo.web.servlet.Error404Servlet:45] - requestUri=/css/bootstrap.min.css.map
2016-04-08 15:26:33 [com.demo.web.servlet.Error404Servlet:42] - statusCode=404
2016-04-08 15:26:33 [com.demo.web.servlet.Error404Servlet:43] - servletName=default
2016-04-08 15:26:33 [com.demo.web.servlet.Error404Servlet:44] - message=Not Found
2016-04-08 15:26:33 [com.demo.web.servlet.Error404Servlet:45] - requestUri=/toastr.js.map
2016-04-08 15:27:31 [com.demo.web.servlet.Error404Servlet:42] - statusCode=404
2016-04-08 15:27:31 [com.demo.web.servlet.Error404Servlet:43] - servletName=default
2016-04-08 15:27:31 [com.demo.web.servlet.Error404Servlet:44] - message=Not Found
2016-04-08 15:27:31 [com.demo.web.servlet.Error404Servlet:45] - requestUri=/favicon.ico
2016-04-08 15:30:28 [com.demo.web.servlet.Error404Servlet:42] - statusCode=404
2016-04-08 15:30:28 [com.demo.web.servlet.Error404Servlet:43] - servletName=default
2016-04-08 15:30:28 [com.demo.web.servlet.Error404Servlet:44] - message=Not Found
2016-04-08 15:30:28 [com.demo.web.servlet.Error404Servlet:45] - requestUri=/css/bootstrap.min.css.map
2016-04-08 15:30:28 [com.demo.web.servlet.Error404Servlet:42] - statusCode=404
2016-04-08 15:30:28 [com.demo.web.servlet.Error404Servlet:43] - servletName=default
2016-04-08 15:30:28 [com.demo.web.servlet.Error404Servlet:44] - message=Not Found
2016-04-08 15:30:28 [com.demo.web.servlet.Error404Servlet:45] - requestUri=/toastr.js.map
2016-04-08 15:30:42 [com.demo.web.servlet.Error404Servlet:42] - statusCode=404
2016-04-08 15:30:42 [com.demo.web.servlet.Error404Servlet:43] - servletName=default
2016-04-08 15:30:42 [com.demo.web.servlet.Error404Servlet:44] - message=Not Found
2016-04-08 15:30:42 [com.demo.web.servlet.Error404Servlet:45] - requestUri=/css/bootstrap.min.css.map
2016-04-08 15:30:42 [com.demo.web.servlet.Error404Servlet:42] - statusCode=404
2016-04-08 15:30:42 [com.demo.web.servlet.Error404Servlet:43] - servletName=default
2016-04-08 15:30:42 [com.demo.web.servlet.Error404Servlet:44] - message=Not Found
2016-04-08 15:30:42 [com.demo.web.servlet.Error404Servlet:45] - requestUri=/toastr.js.map
2016-04-08 15:31:58 [com.demo.web.servlet.Error404Servlet:42] - statusCode=404
2016-04-08 15:31:58 [com.demo.web.servlet.Error404Servlet:43] - servletName=default
2016-04-08 15:31:58 [com.demo.web.servlet.Error404Servlet:44] - message=Not Found
2016-04-08 15:31:58 [com.demo.web.servlet.Error404Servlet:45] - requestUri=/css/bootstrap.min.css.map
2016-04-08 15:31:58 [com.demo.web.servlet.Error404Servlet:42] - statusCode=404
2016-04-08 15:31:58 [com.demo.web.servlet.Error404Servlet:43] - servletName=default
2016-04-08 15:31:58 [com.demo.web.servlet.Error404Servlet:44] - message=Not Found
2016-04-08 15:31:58 [com.demo.web.servlet.Error404Servlet:45] - requestUri=/toastr.js.map
2016-04-08 15:34:40 [com.demo.web.servlet.Error404Servlet:42] - statusCode=404
2016-04-08 15:34:40 [com.demo.web.servlet.Error404Servlet:43] - servletName=default
2016-04-08 15:34:40 [com.demo.web.servlet.Error404Servlet:44] - message=Not Found
2016-04-08 15:34:40 [com.demo.web.servlet.Error404Servlet:45] - requestUri=/css/bootstrap.min.css.map
2016-04-08 15:34:40 [com.demo.web.servlet.Error404Servlet:42] - statusCode=404
2016-04-08 15:34:40 [com.demo.web.servlet.Error404Servlet:43] - servletName=default
2016-04-08 15:34:40 [com.demo.web.servlet.Error404Servlet:44] - message=Not Found
2016-04-08 15:34:40 [com.demo.web.servlet.Error404Servlet:45] - requestUri=/toastr.js.map
2016-04-08 15:35:40 [com.demo.web.servlet.Error404Servlet:42] - statusCode=404
2016-04-08 15:35:40 [com.demo.web.servlet.Error404Servlet:43] - servletName=default
2016-04-08 15:35:40 [com.demo.web.servlet.Error404Servlet:44] - message=Not Found
2016-04-08 15:35:40 [com.demo.web.servlet.Error404Servlet:45] - requestUri=/css/bootstrap.min.css.map
2016-04-08 15:35:40 [com.demo.web.servlet.Error404Servlet:42] - statusCode=404
2016-04-08 15:35:40 [com.demo.web.servlet.Error404Servlet:43] - servletName=default
2016-04-08 15:35:40 [com.demo.web.servlet.Error404Servlet:44] - message=Not Found
2016-04-08 15:35:40 [com.demo.web.servlet.Error404Servlet:45] - requestUri=/toastr.js.map
2016-04-08 15:37:15 [com.demo.web.servlet.Error404Servlet:42] - statusCode=404
2016-04-08 15:37:15 [com.demo.web.servlet.Error404Servlet:43] - servletName=default
2016-04-08 15:37:15 [com.demo.web.servlet.Error404Servlet:44] - message=Not Found
2016-04-08 15:37:15 [com.demo.web.servlet.Error404Servlet:45] - requestUri=/css/bootstrap.min.css.map
2016-04-08 15:37:15 [com.demo.web.servlet.Error404Servlet:42] - statusCode=404
2016-04-08 15:37:15 [com.demo.web.servlet.Error404Servlet:43] - servletName=default
2016-04-08 15:37:15 [com.demo.web.servlet.Error404Servlet:44] - message=Not Found
2016-04-08 15:37:15 [com.demo.web.servlet.Error404Servlet:45] - requestUri=/toastr.js.map
2016-04-08 15:38:01 [com.demo.web.servlet.Error404Servlet:42] - statusCode=404
2016-04-08 15:38:01 [com.demo.web.servlet.Error404Servlet:43] - servletName=default
2016-04-08 15:38:01 [com.demo.web.servlet.Error404Servlet:44] - message=Not Found
2016-04-08 15:38:01 [com.demo.web.servlet.Error404Servlet:45] - requestUri=/css/bootstrap.min.css.map
2016-04-08 15:38:02 [com.demo.web.servlet.Error404Servlet:42] - statusCode=404
2016-04-08 15:38:02 [com.demo.web.servlet.Error404Servlet:43] - servletName=default
2016-04-08 15:38:02 [com.demo.web.servlet.Error404Servlet:44] - message=Not Found
2016-04-08 15:38:02 [com.demo.web.servlet.Error404Servlet:45] - requestUri=/toastr.js.map
2016-04-08 15:38:10 [com.demo.web.servlet.Error404Servlet:42] - statusCode=404
2016-04-08 15:38:10 [com.demo.web.servlet.Error404Servlet:43] - servletName=default
2016-04-08 15:38:10 [com.demo.web.servlet.Error404Servlet:44] - message=Not Found
2016-04-08 15:38:10 [com.demo.web.servlet.Error404Servlet:45] - requestUri=/css/bootstrap.min.css.map
2016-04-08 15:38:10 [com.demo.web.servlet.Error404Servlet:42] - statusCode=404
2016-04-08 15:38:10 [com.demo.web.servlet.Error404Servlet:43] - servletName=default
2016-04-08 15:38:10 [com.demo.web.servlet.Error404Servlet:44] - message=Not Found
2016-04-08 15:38:10 [com.demo.web.servlet.Error404Servlet:45] - requestUri=/toastr.js.map
2016-04-08 15:38:53 [com.demo.web.servlet.Error404Servlet:42] - statusCode=404
2016-04-08 15:38:53 [com.demo.web.servlet.Error404Servlet:43] - servletName=default
2016-04-08 15:38:53 [com.demo.web.servlet.Error404Servlet:44] - message=Not Found
2016-04-08 15:38:53 [com.demo.web.servlet.Error404Servlet:45] - requestUri=/css/bootstrap.min.css.map
2016-04-08 15:38:53 [com.demo.web.servlet.Error404Servlet:42] - statusCode=404
2016-04-08 15:38:53 [com.demo.web.servlet.Error404Servlet:43] - servletName=default
2016-04-08 15:38:53 [com.demo.web.servlet.Error404Servlet:44] - message=Not Found
2016-04-08 15:38:53 [com.demo.web.servlet.Error404Servlet:45] - requestUri=/toastr.js.map
2016-04-08 15:39:10 [com.demo.web.servlet.Error404Servlet:42] - statusCode=404
2016-04-08 15:39:10 [com.demo.web.servlet.Error404Servlet:43] - servletName=default
2016-04-08 15:39:10 [com.demo.web.servlet.Error404Servlet:44] - message=Not Found
2016-04-08 15:39:10 [com.demo.web.servlet.Error404Servlet:45] - requestUri=/css/bootstrap.min.css.map
2016-04-08 15:39:10 [com.demo.web.servlet.Error404Servlet:42] - statusCode=404
2016-04-08 15:39:10 [com.demo.web.servlet.Error404Servlet:43] - servletName=default
2016-04-08 15:39:10 [com.demo.web.servlet.Error404Servlet:44] - message=Not Found
2016-04-08 15:39:10 [com.demo.web.servlet.Error404Servlet:45] - requestUri=/toastr.js.map
2016-04-08 15:39:14 [com.demo.web.servlet.Error404Servlet:42] - statusCode=404
2016-04-08 15:39:14 [com.demo.web.servlet.Error404Servlet:43] - servletName=default
2016-04-08 15:39:14 [com.demo.web.servlet.Error404Servlet:44] - message=Not Found
2016-04-08 15:39:14 [com.demo.web.servlet.Error404Servlet:45] - requestUri=/css/bootstrap.min.css.map
2016-04-08 15:39:14 [com.demo.web.servlet.Error404Servlet:42] - statusCode=404
2016-04-08 15:39:14 [com.demo.web.servlet.Error404Servlet:43] - servletName=default
2016-04-08 15:39:14 [com.demo.web.servlet.Error404Servlet:44] - message=Not Found
2016-04-08 15:39:14 [com.demo.web.servlet.Error404Servlet:45] - requestUri=/toastr.js.map
2016-04-08 15:39:47 [com.demo.web.servlet.Error404Servlet:42] - statusCode=404
2016-04-08 15:39:47 [com.demo.web.servlet.Error404Servlet:43] - servletName=default
2016-04-08 15:39:47 [com.demo.web.servlet.Error404Servlet:44] - message=Not Found
2016-04-08 15:39:47 [com.demo.web.servlet.Error404Servlet:45] - requestUri=/css/bootstrap.min.css.map
2016-04-08 15:39:48 [com.demo.web.servlet.Error404Servlet:42] - statusCode=404
2016-04-08 15:39:48 [com.demo.web.servlet.Error404Servlet:43] - servletName=default
2016-04-08 15:39:48 [com.demo.web.servlet.Error404Servlet:44] - message=Not Found
2016-04-08 15:39:48 [com.demo.web.servlet.Error404Servlet:45] - requestUri=/toastr.js.map
2016-04-08 15:39:52 [com.demo.web.servlet.Error404Servlet:42] - statusCode=404
2016-04-08 15:39:52 [com.demo.web.servlet.Error404Servlet:43] - servletName=default
2016-04-08 15:39:52 [com.demo.web.servlet.Error404Servlet:44] - message=Not Found
2016-04-08 15:39:52 [com.demo.web.servlet.Error404Servlet:45] - requestUri=/css/bootstrap.min.css.map
2016-04-08 15:39:52 [com.demo.web.servlet.Error404Servlet:42] - statusCode=404
2016-04-08 15:39:52 [com.demo.web.servlet.Error404Servlet:43] - servletName=default
2016-04-08 15:39:52 [com.demo.web.servlet.Error404Servlet:44] - message=Not Found
2016-04-08 15:39:52 [com.demo.web.servlet.Error404Servlet:45] - requestUri=/toastr.js.map
2016-04-08 15:42:06 [com.demo.web.servlet.Error404Servlet:42] - statusCode=404
2016-04-08 15:42:06 [com.demo.web.servlet.Error404Servlet:43] - servletName=default
2016-04-08 15:42:06 [com.demo.web.servlet.Error404Servlet:44] - message=Not Found
2016-04-08 15:42:06 [com.demo.web.servlet.Error404Servlet:45] - requestUri=/css/bootstrap.min.css.map
2016-04-08 15:42:06 [com.demo.web.servlet.Error404Servlet:42] - statusCode=404
2016-04-08 15:42:06 [com.demo.web.servlet.Error404Servlet:43] - servletName=default
2016-04-08 15:42:06 [com.demo.web.servlet.Error404Servlet:44] - message=Not Found
2016-04-08 15:42:06 [com.demo.web.servlet.Error404Servlet:45] - requestUri=/toastr.js.map
2016-04-08 15:42:11 [com.demo.web.servlet.Error404Servlet:42] - statusCode=404
2016-04-08 15:42:11 [com.demo.web.servlet.Error404Servlet:43] - servletName=default
2016-04-08 15:42:11 [com.demo.web.servlet.Error404Servlet:44] - message=Not Found
2016-04-08 15:42:11 [com.demo.web.servlet.Error404Servlet:45] - requestUri=/css/bootstrap.min.css.map
2016-04-08 15:42:11 [com.demo.web.servlet.Error404Servlet:42] - statusCode=404
2016-04-08 15:42:11 [com.demo.web.servlet.Error404Servlet:43] - servletName=default
2016-04-08 15:42:11 [com.demo.web.servlet.Error404Servlet:44] - message=Not Found
2016-04-08 15:42:11 [com.demo.web.servlet.Error404Servlet:45] - requestUri=/toastr.js.map
2016-04-08 15:43:35 [com.demo.web.servlet.Error404Servlet:42] - statusCode=404
2016-04-08 15:43:35 [com.demo.web.servlet.Error404Servlet:43] - servletName=default
2016-04-08 15:43:35 [com.demo.web.servlet.Error404Servlet:44] - message=Not Found
2016-04-08 15:43:35 [com.demo.web.servlet.Error404Servlet:45] - requestUri=/css/bootstrap.min.css.map
2016-04-08 15:43:35 [com.demo.web.servlet.Error404Servlet:42] - statusCode=404
2016-04-08 15:43:35 [com.demo.web.servlet.Error404Servlet:43] - servletName=default
2016-04-08 15:43:35 [com.demo.web.servlet.Error404Servlet:44] - message=Not Found
2016-04-08 15:43:35 [com.demo.web.servlet.Error404Servlet:45] - requestUri=/toastr.js.map
2016-04-08 15:43:53 [com.demo.web.servlet.Error404Servlet:42] - statusCode=404
2016-04-08 15:43:53 [com.demo.web.servlet.Error404Servlet:43] - servletName=default
2016-04-08 15:43:53 [com.demo.web.servlet.Error404Servlet:44] - message=Not Found
2016-04-08 15:43:53 [com.demo.web.servlet.Error404Servlet:45] - requestUri=/css/bootstrap.min.css.map
2016-04-08 15:43:53 [com.demo.web.servlet.Error404Servlet:42] - statusCode=404
2016-04-08 15:43:53 [com.demo.web.servlet.Error404Servlet:43] - servletName=default
2016-04-08 15:43:53 [com.demo.web.servlet.Error404Servlet:44] - message=Not Found
2016-04-08 15:43:53 [com.demo.web.servlet.Error404Servlet:45] - requestUri=/toastr.js.map
2016-04-08 15:43:56 [com.demo.web.servlet.Error404Servlet:42] - statusCode=404
2016-04-08 15:43:56 [com.demo.web.servlet.Error404Servlet:43] - servletName=default
2016-04-08 15:43:56 [com.demo.web.servlet.Error404Servlet:44] - message=Not Found
2016-04-08 15:43:56 [com.demo.web.servlet.Error404Servlet:45] - requestUri=/css/bootstrap.min.css.map
2016-04-08 15:43:56 [com.demo.web.servlet.Error404Servlet:42] - statusCode=404
2016-04-08 15:43:56 [com.demo.web.servlet.Error404Servlet:43] - servletName=default
2016-04-08 15:43:56 [com.demo.web.servlet.Error404Servlet:44] - message=Not Found
2016-04-08 15:43:56 [com.demo.web.servlet.Error404Servlet:45] - requestUri=/toastr.js.map
2016-04-08 15:44:10 [com.demo.web.servlet.Error404Servlet:42] - statusCode=404
2016-04-08 15:44:10 [com.demo.web.servlet.Error404Servlet:43] - servletName=default
2016-04-08 15:44:10 [com.demo.web.servlet.Error404Servlet:44] - message=Not Found
2016-04-08 15:44:10 [com.demo.web.servlet.Error404Servlet:45] - requestUri=/css/bootstrap.min.css.map
2016-04-08 15:44:10 [com.demo.web.servlet.Error404Servlet:42] - statusCode=404
2016-04-08 15:44:10 [com.demo.web.servlet.Error404Servlet:43] - servletName=default
2016-04-08 15:44:10 [com.demo.web.servlet.Error404Servlet:44] - message=Not Found
2016-04-08 15:44:10 [com.demo.web.servlet.Error404Servlet:45] - requestUri=/toastr.js.map
2016-04-08 15:44:11 [com.demo.web.servlet.Error404Servlet:42] - statusCode=404
2016-04-08 15:44:11 [com.demo.web.servlet.Error404Servlet:43] - servletName=default
2016-04-08 15:44:11 [com.demo.web.servlet.Error404Servlet:44] - message=Not Found
2016-04-08 15:44:11 [com.demo.web.servlet.Error404Servlet:45] - requestUri=/css/bootstrap.min.css.map
2016-04-08 15:44:12 [com.demo.web.servlet.Error404Servlet:42] - statusCode=404
2016-04-08 15:44:12 [com.demo.web.servlet.Error404Servlet:43] - servletName=default
2016-04-08 15:44:12 [com.demo.web.servlet.Error404Servlet:44] - message=Not Found
2016-04-08 15:44:12 [com.demo.web.servlet.Error404Servlet:45] - requestUri=/toastr.js.map
2016-04-08 15:44:13 [com.demo.web.servlet.Error404Servlet:42] - statusCode=404
2016-04-08 15:44:13 [com.demo.web.servlet.Error404Servlet:43] - servletName=default
2016-04-08 15:44:13 [com.demo.web.servlet.Error404Servlet:44] - message=Not Found
2016-04-08 15:44:13 [com.demo.web.servlet.Error404Servlet:45] - requestUri=/css/bootstrap.min.css.map
2016-04-08 15:44:14 [com.demo.web.servlet.Error404Servlet:42] - statusCode=404
2016-04-08 15:44:14 [com.demo.web.servlet.Error404Servlet:43] - servletName=default
2016-04-08 15:44:14 [com.demo.web.servlet.Error404Servlet:44] - message=Not Found
2016-04-08 15:44:14 [com.demo.web.servlet.Error404Servlet:45] - requestUri=/toastr.js.map
2016-04-08 15:44:16 [com.demo.web.servlet.Error404Servlet:42] - statusCode=404
2016-04-08 15:44:16 [com.demo.web.servlet.Error404Servlet:43] - servletName=default
2016-04-08 15:44:16 [com.demo.web.servlet.Error404Servlet:44] - message=Not Found
2016-04-08 15:44:16 [com.demo.web.servlet.Error404Servlet:45] - requestUri=/css/bootstrap.min.css.map
2016-04-08 15:44:16 [com.demo.web.servlet.Error404Servlet:42] - statusCode=404
2016-04-08 15:44:16 [com.demo.web.servlet.Error404Servlet:43] - servletName=default
2016-04-08 15:44:16 [com.demo.web.servlet.Error404Servlet:44] - message=Not Found
2016-04-08 15:44:16 [com.demo.web.servlet.Error404Servlet:45] - requestUri=/toastr.js.map
2016-04-08 15:44:19 [com.demo.web.servlet.Error404Servlet:42] - statusCode=404
2016-04-08 15:44:19 [com.demo.web.servlet.Error404Servlet:43] - servletName=default
2016-04-08 15:44:19 [com.demo.web.servlet.Error404Servlet:44] - message=Not Found
2016-04-08 15:44:19 [com.demo.web.servlet.Error404Servlet:45] - requestUri=/css/bootstrap.min.css.map
2016-04-08 15:44:20 [com.demo.web.servlet.Error404Servlet:42] - statusCode=404
2016-04-08 15:44:20 [com.demo.web.servlet.Error404Servlet:43] - servletName=default
2016-04-08 15:44:20 [com.demo.web.servlet.Error404Servlet:44] - message=Not Found
2016-04-08 15:44:20 [com.demo.web.servlet.Error404Servlet:45] - requestUri=/toastr.js.map
2016-04-08 15:45:07 [com.demo.web.servlet.Error404Servlet:42] - statusCode=404
2016-04-08 15:45:07 [com.demo.web.servlet.Error404Servlet:43] - servletName=default
2016-04-08 15:45:07 [com.demo.web.servlet.Error404Servlet:44] - message=Not Found
2016-04-08 15:45:07 [com.demo.web.servlet.Error404Servlet:45] - requestUri=/css/bootstrap.min.css.map
2016-04-08 15:45:07 [com.demo.web.servlet.Error404Servlet:42] - statusCode=404
2016-04-08 15:45:07 [com.demo.web.servlet.Error404Servlet:43] - servletName=default
2016-04-08 15:45:07 [com.demo.web.servlet.Error404Servlet:44] - message=Not Found
2016-04-08 15:45:07 [com.demo.web.servlet.Error404Servlet:45] - requestUri=/toastr.js.map
2016-04-08 15:45:47 [com.demo.web.servlet.Error404Servlet:42] - statusCode=404
2016-04-08 15:45:47 [com.demo.web.servlet.Error404Servlet:43] - servletName=default
2016-04-08 15:45:47 [com.demo.web.servlet.Error404Servlet:44] - message=Not Found
2016-04-08 15:45:47 [com.demo.web.servlet.Error404Servlet:45] - requestUri=/css/bootstrap.min.css.map
2016-04-08 15:45:47 [com.demo.web.servlet.Error404Servlet:42] - statusCode=404
2016-04-08 15:45:47 [com.demo.web.servlet.Error404Servlet:43] - servletName=default
2016-04-08 15:45:47 [com.demo.web.servlet.Error404Servlet:44] - message=Not Found
2016-04-08 15:45:47 [com.demo.web.servlet.Error404Servlet:45] - requestUri=/toastr.js.map
2016-04-08 15:49:36 [com.demo.web.servlet.Error404Servlet:42] - statusCode=404
2016-04-08 15:49:36 [com.demo.web.servlet.Error404Servlet:43] - servletName=default
2016-04-08 15:49:36 [com.demo.web.servlet.Error404Servlet:44] - message=Not Found
2016-04-08 15:49:36 [com.demo.web.servlet.Error404Servlet:45] - requestUri=/css/bootstrap.min.css.map
2016-04-08 15:49:37 [com.demo.web.servlet.Error404Servlet:42] - statusCode=404
2016-04-08 15:49:37 [com.demo.web.servlet.Error404Servlet:43] - servletName=default
2016-04-08 15:49:37 [com.demo.web.servlet.Error404Servlet:44] - message=Not Found
2016-04-08 15:49:37 [com.demo.web.servlet.Error404Servlet:45] - requestUri=/toastr.js.map
2016-04-08 15:50:12 [com.demo.web.servlet.Error404Servlet:42] - statusCode=404
2016-04-08 15:50:12 [com.demo.web.servlet.Error404Servlet:43] - servletName=default
2016-04-08 15:50:12 [com.demo.web.servlet.Error404Servlet:44] - message=Not Found
2016-04-08 15:50:12 [com.demo.web.servlet.Error404Servlet:45] - requestUri=/css/bootstrap.min.css.map
2016-04-08 15:50:13 [com.demo.web.servlet.Error404Servlet:42] - statusCode=404
2016-04-08 15:50:13 [com.demo.web.servlet.Error404Servlet:43] - servletName=default
2016-04-08 15:50:13 [com.demo.web.servlet.Error404Servlet:44] - message=Not Found
2016-04-08 15:50:13 [com.demo.web.servlet.Error404Servlet:45] - requestUri=/toastr.js.map
2016-04-08 15:50:28 [com.demo.web.servlet.Error404Servlet:42] - statusCode=404
2016-04-08 15:50:28 [com.demo.web.servlet.Error404Servlet:43] - servletName=default
2016-04-08 15:50:28 [com.demo.web.servlet.Error404Servlet:44] - message=Not Found
2016-04-08 15:50:28 [com.demo.web.servlet.Error404Servlet:45] - requestUri=/css/bootstrap.min.css.map
2016-04-08 15:50:28 [com.demo.web.servlet.Error404Servlet:42] - statusCode=404
2016-04-08 15:50:28 [com.demo.web.servlet.Error404Servlet:43] - servletName=default
2016-04-08 15:50:28 [com.demo.web.servlet.Error404Servlet:44] - message=Not Found
2016-04-08 15:50:28 [com.demo.web.servlet.Error404Servlet:45] - requestUri=/toastr.js.map
2016-04-08 15:50:32 [com.demo.web.servlet.Error404Servlet:42] - statusCode=404
2016-04-08 15:50:32 [com.demo.web.servlet.Error404Servlet:43] - servletName=default
2016-04-08 15:50:32 [com.demo.web.servlet.Error404Servlet:44] - message=Not Found
2016-04-08 15:50:32 [com.demo.web.servlet.Error404Servlet:45] - requestUri=/css/bootstrap.min.css.map
2016-04-08 15:50:32 [com.demo.web.servlet.Error404Servlet:42] - statusCode=404
2016-04-08 15:50:32 [com.demo.web.servlet.Error404Servlet:43] - servletName=default
2016-04-08 15:50:32 [com.demo.web.servlet.Error404Servlet:44] - message=Not Found
2016-04-08 15:50:32 [com.demo.web.servlet.Error404Servlet:45] - requestUri=/toastr.js.map
2016-04-08 15:50:34 [com.demo.web.servlet.Error404Servlet:42] - statusCode=404
2016-04-08 15:50:34 [com.demo.web.servlet.Error404Servlet:43] - servletName=default
2016-04-08 15:50:34 [com.demo.web.servlet.Error404Servlet:44] - message=Not Found
2016-04-08 15:50:34 [com.demo.web.servlet.Error404Servlet:45] - requestUri=/css/bootstrap.min.css.map
2016-04-08 15:50:34 [com.demo.web.servlet.Error404Servlet:42] - statusCode=404
2016-04-08 15:50:34 [com.demo.web.servlet.Error404Servlet:43] - servletName=default
2016-04-08 15:50:34 [com.demo.web.servlet.Error404Servlet:44] - message=Not Found
2016-04-08 15:50:34 [com.demo.web.servlet.Error404Servlet:45] - requestUri=/toastr.js.map
2016-04-08 15:50:35 [com.demo.web.servlet.Error404Servlet:42] - statusCode=404
2016-04-08 15:50:35 [com.demo.web.servlet.Error404Servlet:43] - servletName=default
2016-04-08 15:50:35 [com.demo.web.servlet.Error404Servlet:44] - message=Not Found
2016-04-08 15:50:35 [com.demo.web.servlet.Error404Servlet:45] - requestUri=/css/bootstrap.min.css.map
2016-04-08 15:50:35 [com.demo.web.servlet.Error404Servlet:42] - statusCode=404
2016-04-08 15:50:35 [com.demo.web.servlet.Error404Servlet:43] - servletName=default
2016-04-08 15:50:35 [com.demo.web.servlet.Error404Servlet:44] - message=Not Found
2016-04-08 15:50:35 [com.demo.web.servlet.Error404Servlet:45] - requestUri=/toastr.js.map
2016-04-08 15:50:43 [com.demo.web.servlet.Error404Servlet:42] - statusCode=404
2016-04-08 15:50:43 [com.demo.web.servlet.Error404Servlet:43] - servletName=default
2016-04-08 15:50:43 [com.demo.web.servlet.Error404Servlet:44] - message=Not Found
2016-04-08 15:50:43 [com.demo.web.servlet.Error404Servlet:45] - requestUri=/css/bootstrap.min.css.map
2016-04-08 15:50:44 [com.demo.web.servlet.Error404Servlet:42] - statusCode=404
2016-04-08 15:50:44 [com.demo.web.servlet.Error404Servlet:43] - servletName=default
2016-04-08 15:50:44 [com.demo.web.servlet.Error404Servlet:44] - message=Not Found
2016-04-08 15:50:44 [com.demo.web.servlet.Error404Servlet:45] - requestUri=/toastr.js.map
2016-04-08 15:50:45 [com.demo.web.servlet.Error404Servlet:42] - statusCode=404
2016-04-08 15:50:45 [com.demo.web.servlet.Error404Servlet:43] - servletName=default
2016-04-08 15:50:45 [com.demo.web.servlet.Error404Servlet:44] - message=Not Found
2016-04-08 15:50:45 [com.demo.web.servlet.Error404Servlet:45] - requestUri=/css/bootstrap.min.css.map
2016-04-08 15:50:45 [com.demo.web.servlet.Error404Servlet:42] - statusCode=404
2016-04-08 15:50:45 [com.demo.web.servlet.Error404Servlet:43] - servletName=default
2016-04-08 15:50:45 [com.demo.web.servlet.Error404Servlet:44] - message=Not Found
2016-04-08 15:50:45 [com.demo.web.servlet.Error404Servlet:45] - requestUri=/toastr.js.map
2016-04-08 15:50:58 [com.demo.web.servlet.Error404Servlet:42] - statusCode=404
2016-04-08 15:50:58 [com.demo.web.servlet.Error404Servlet:43] - servletName=default
2016-04-08 15:50:58 [com.demo.web.servlet.Error404Servlet:44] - message=Not Found
2016-04-08 15:50:58 [com.demo.web.servlet.Error404Servlet:45] - requestUri=/css/bootstrap.min.css.map
2016-04-08 15:50:58 [com.demo.web.servlet.Error404Servlet:42] - statusCode=404
2016-04-08 15:50:58 [com.demo.web.servlet.Error404Servlet:43] - servletName=default
2016-04-08 15:50:58 [com.demo.web.servlet.Error404Servlet:44] - message=Not Found
2016-04-08 15:50:58 [com.demo.web.servlet.Error404Servlet:45] - requestUri=/toastr.js.map
2016-04-08 15:54:20 [com.demo.web.servlet.Error404Servlet:42] - statusCode=404
2016-04-08 15:54:20 [com.demo.web.servlet.Error404Servlet:43] - servletName=default
2016-04-08 15:54:20 [com.demo.web.servlet.Error404Servlet:44] - message=Not Found
2016-04-08 15:54:20 [com.demo.web.servlet.Error404Servlet:45] - requestUri=/css/bootstrap.min.css.map
2016-04-08 15:54:20 [com.demo.web.servlet.Error404Servlet:42] - statusCode=404
2016-04-08 15:54:20 [com.demo.web.servlet.Error404Servlet:43] - servletName=default
2016-04-08 15:54:20 [com.demo.web.servlet.Error404Servlet:44] - message=Not Found
2016-04-08 15:54:20 [com.demo.web.servlet.Error404Servlet:45] - requestUri=/toastr.js.map
2016-04-08 16:03:11 [com.demo.web.servlet.Error404Servlet:42] - statusCode=404
2016-04-08 16:03:11 [com.demo.web.servlet.Error404Servlet:43] - servletName=default
2016-04-08 16:03:11 [com.demo.web.servlet.Error404Servlet:44] - message=Not Found
2016-04-08 16:03:11 [com.demo.web.servlet.Error404Servlet:45] - requestUri=/css/bootstrap.min.css.map
2016-04-08 16:03:11 [com.demo.web.servlet.Error404Servlet:42] - statusCode=404
2016-04-08 16:03:11 [com.demo.web.servlet.Error404Servlet:43] - servletName=default
2016-04-08 16:03:11 [com.demo.web.servlet.Error404Servlet:44] - message=Not Found
2016-04-08 16:03:11 [com.demo.web.servlet.Error404Servlet:45] - requestUri=/toastr.js.map
2016-04-08 16:04:33 [com.demo.web.servlet.Error404Servlet:42] - statusCode=404
2016-04-08 16:04:33 [com.demo.web.servlet.Error404Servlet:43] - servletName=default
2016-04-08 16:04:33 [com.demo.web.servlet.Error404Servlet:44] - message=Not Found
2016-04-08 16:04:33 [com.demo.web.servlet.Error404Servlet:45] - requestUri=/css/bootstrap.min.css.map
2016-04-08 16:04:33 [com.demo.web.servlet.Error404Servlet:42] - statusCode=404
2016-04-08 16:04:33 [com.demo.web.servlet.Error404Servlet:43] - servletName=default
2016-04-08 16:04:33 [com.demo.web.servlet.Error404Servlet:44] - message=Not Found
2016-04-08 16:04:33 [com.demo.web.servlet.Error404Servlet:45] - requestUri=/toastr.js.map
2016-04-08 16:05:16 [com.demo.web.servlet.Error404Servlet:42] - statusCode=404
2016-04-08 16:05:16 [com.demo.web.servlet.Error404Servlet:43] - servletName=default
2016-04-08 16:05:16 [com.demo.web.servlet.Error404Servlet:44] - message=Not Found
2016-04-08 16:05:16 [com.demo.web.servlet.Error404Servlet:45] - requestUri=/css/bootstrap.min.css.map
2016-04-08 16:05:16 [com.demo.web.servlet.Error404Servlet:42] - statusCode=404
2016-04-08 16:05:16 [com.demo.web.servlet.Error404Servlet:43] - servletName=default
2016-04-08 16:05:16 [com.demo.web.servlet.Error404Servlet:44] - message=Not Found
2016-04-08 16:05:16 [com.demo.web.servlet.Error404Servlet:45] - requestUri=/toastr.js.map
2016-04-08 16:08:17 [com.demo.web.servlet.Error404Servlet:42] - statusCode=404
2016-04-08 16:08:17 [com.demo.web.servlet.Error404Servlet:43] - servletName=default
2016-04-08 16:08:17 [com.demo.web.servlet.Error404Servlet:44] - message=Not Found
2016-04-08 16:08:17 [com.demo.web.servlet.Error404Servlet:45] - requestUri=/css/bootstrap.min.css.map
2016-04-08 16:08:17 [com.demo.web.servlet.Error404Servlet:42] - statusCode=404
2016-04-08 16:08:17 [com.demo.web.servlet.Error404Servlet:43] - servletName=default
2016-04-08 16:08:17 [com.demo.web.servlet.Error404Servlet:44] - message=Not Found
2016-04-08 16:08:17 [com.demo.web.servlet.Error404Servlet:45] - requestUri=/toastr.js.map
2016-04-08 16:09:21 [com.demo.web.servlet.Error404Servlet:42] - statusCode=404
2016-04-08 16:09:21 [com.demo.web.servlet.Error404Servlet:43] - servletName=default
2016-04-08 16:09:21 [com.demo.web.servlet.Error404Servlet:44] - message=Not Found
2016-04-08 16:09:21 [com.demo.web.servlet.Error404Servlet:45] - requestUri=/css/bootstrap.min.css.map
2016-04-08 16:09:22 [com.demo.web.servlet.Error404Servlet:42] - statusCode=404
2016-04-08 16:09:22 [com.demo.web.servlet.Error404Servlet:43] - servletName=default
2016-04-08 16:09:22 [com.demo.web.servlet.Error404Servlet:44] - message=Not Found
2016-04-08 16:09:22 [com.demo.web.servlet.Error404Servlet:45] - requestUri=/toastr.js.map
2016-04-08 16:10:51 [com.demo.web.servlet.Error404Servlet:42] - statusCode=404
2016-04-08 16:10:51 [com.demo.web.servlet.Error404Servlet:43] - servletName=default
2016-04-08 16:10:51 [com.demo.web.servlet.Error404Servlet:44] - message=Not Found
2016-04-08 16:10:51 [com.demo.web.servlet.Error404Servlet:45] - requestUri=/css/bootstrap.min.css.map
2016-04-08 16:10:51 [com.demo.web.servlet.Error404Servlet:42] - statusCode=404
2016-04-08 16:10:51 [com.demo.web.servlet.Error404Servlet:43] - servletName=default
2016-04-08 16:10:51 [com.demo.web.servlet.Error404Servlet:44] - message=Not Found
2016-04-08 16:10:51 [com.demo.web.servlet.Error404Servlet:45] - requestUri=/toastr.js.map
2016-04-08 16:11:00 [com.demo.web.servlet.Error404Servlet:42] - statusCode=404
2016-04-08 16:11:00 [com.demo.web.servlet.Error404Servlet:43] - servletName=default
2016-04-08 16:11:00 [com.demo.web.servlet.Error404Servlet:44] - message=Not Found
2016-04-08 16:11:00 [com.demo.web.servlet.Error404Servlet:45] - requestUri=/css/bootstrap.min.css.map
2016-04-08 16:11:00 [com.demo.web.servlet.Error404Servlet:42] - statusCode=404
2016-04-08 16:11:00 [com.demo.web.servlet.Error404Servlet:43] - servletName=default
2016-04-08 16:11:00 [com.demo.web.servlet.Error404Servlet:44] - message=Not Found
2016-04-08 16:11:00 [com.demo.web.servlet.Error404Servlet:45] - requestUri=/toastr.js.map
2016-04-08 16:11:06 [com.demo.web.servlet.Error404Servlet:42] - statusCode=404
2016-04-08 16:11:06 [com.demo.web.servlet.Error404Servlet:43] - servletName=default
2016-04-08 16:11:06 [com.demo.web.servlet.Error404Servlet:44] - message=Not Found
2016-04-08 16:11:06 [com.demo.web.servlet.Error404Servlet:45] - requestUri=/css/bootstrap.min.css.map
2016-04-08 16:11:06 [com.demo.web.servlet.Error404Servlet:42] - statusCode=404
2016-04-08 16:11:06 [com.demo.web.servlet.Error404Servlet:43] - servletName=default
2016-04-08 16:11:06 [com.demo.web.servlet.Error404Servlet:44] - message=Not Found
2016-04-08 16:11:06 [com.demo.web.servlet.Error404Servlet:45] - requestUri=/toastr.js.map
2016-04-08 16:11:11 [com.demo.web.servlet.Error404Servlet:42] - statusCode=404
2016-04-08 16:11:11 [com.demo.web.servlet.Error404Servlet:43] - servletName=default
2016-04-08 16:11:11 [com.demo.web.servlet.Error404Servlet:44] - message=Not Found
2016-04-08 16:11:11 [com.demo.web.servlet.Error404Servlet:45] - requestUri=/css/bootstrap.min.css.map
2016-04-08 16:11:11 [com.demo.web.servlet.Error404Servlet:42] - statusCode=404
2016-04-08 16:11:11 [com.demo.web.servlet.Error404Servlet:43] - servletName=default
2016-04-08 16:11:11 [com.demo.web.servlet.Error404Servlet:44] - message=Not Found
2016-04-08 16:11:11 [com.demo.web.servlet.Error404Servlet:45] - requestUri=/toastr.js.map
2016-04-08 16:11:19 [com.demo.web.servlet.Error404Servlet:42] - statusCode=404
2016-04-08 16:11:19 [com.demo.web.servlet.Error404Servlet:43] - servletName=default
2016-04-08 16:11:19 [com.demo.web.servlet.Error404Servlet:44] - message=Not Found
2016-04-08 16:11:19 [com.demo.web.servlet.Error404Servlet:45] - requestUri=/css/bootstrap.min.css.map
2016-04-08 16:11:19 [com.demo.web.servlet.Error404Servlet:42] - statusCode=404
2016-04-08 16:11:19 [com.demo.web.servlet.Error404Servlet:43] - servletName=default
2016-04-08 16:11:19 [com.demo.web.servlet.Error404Servlet:44] - message=Not Found
2016-04-08 16:11:19 [com.demo.web.servlet.Error404Servlet:45] - requestUri=/toastr.js.map
2016-04-08 16:16:53 [com.demo.web.servlet.Error404Servlet:42] - statusCode=404
2016-04-08 16:16:53 [com.demo.web.servlet.Error404Servlet:43] - servletName=default
2016-04-08 16:16:53 [com.demo.web.servlet.Error404Servlet:44] - message=Not Found
2016-04-08 16:16:53 [com.demo.web.servlet.Error404Servlet:45] - requestUri=/css/bootstrap.min.css.map
2016-04-08 16:16:54 [com.demo.web.servlet.Error404Servlet:42] - statusCode=404
2016-04-08 16:16:54 [com.demo.web.servlet.Error404Servlet:43] - servletName=default
2016-04-08 16:16:54 [com.demo.web.servlet.Error404Servlet:44] - message=Not Found
2016-04-08 16:16:54 [com.demo.web.servlet.Error404Servlet:45] - requestUri=/toastr.js.map
2016-04-08 16:16:55 [com.demo.web.servlet.Error404Servlet:42] - statusCode=404
2016-04-08 16:16:55 [com.demo.web.servlet.Error404Servlet:43] - servletName=default
2016-04-08 16:16:55 [com.demo.web.servlet.Error404Servlet:44] - message=Not Found
2016-04-08 16:16:55 [com.demo.web.servlet.Error404Servlet:45] - requestUri=/css/bootstrap.min.css.map
2016-04-08 16:16:55 [com.demo.web.servlet.Error404Servlet:42] - statusCode=404
2016-04-08 16:16:55 [com.demo.web.servlet.Error404Servlet:43] - servletName=default
2016-04-08 16:16:55 [com.demo.web.servlet.Error404Servlet:44] - message=Not Found
2016-04-08 16:16:55 [com.demo.web.servlet.Error404Servlet:45] - requestUri=/toastr.js.map
2016-04-08 16:16:58 [com.demo.web.servlet.Error404Servlet:42] - statusCode=404
2016-04-08 16:16:58 [com.demo.web.servlet.Error404Servlet:43] - servletName=default
2016-04-08 16:16:58 [com.demo.web.servlet.Error404Servlet:44] - message=Not Found
2016-04-08 16:16:58 [com.demo.web.servlet.Error404Servlet:45] - requestUri=/css/bootstrap.min.css.map
2016-04-08 16:16:58 [com.demo.web.servlet.Error404Servlet:42] - statusCode=404
2016-04-08 16:16:58 [com.demo.web.servlet.Error404Servlet:43] - servletName=default
2016-04-08 16:16:58 [com.demo.web.servlet.Error404Servlet:44] - message=Not Found
2016-04-08 16:16:58 [com.demo.web.servlet.Error404Servlet:45] - requestUri=/toastr.js.map
2016-04-08 16:32:25 [com.demo.web.servlet.Error404Servlet:42] - statusCode=404
2016-04-08 16:32:25 [com.demo.web.servlet.Error404Servlet:43] - servletName=default
2016-04-08 16:32:25 [com.demo.web.servlet.Error404Servlet:44] - message=Not Found
2016-04-08 16:32:25 [com.demo.web.servlet.Error404Servlet:45] - requestUri=/css/bootstrap.min.css.map
2016-04-08 16:32:25 [com.demo.web.servlet.Error404Servlet:42] - statusCode=404
2016-04-08 16:32:25 [com.demo.web.servlet.Error404Servlet:43] - servletName=default
2016-04-08 16:32:25 [com.demo.web.servlet.Error404Servlet:44] - message=Not Found
2016-04-08 16:32:25 [com.demo.web.servlet.Error404Servlet:45] - requestUri=/toastr.js.map
2016-04-08 16:32:28 [com.demo.web.servlet.Error404Servlet:42] - statusCode=404
2016-04-08 16:32:28 [com.demo.web.servlet.Error404Servlet:43] - servletName=default
2016-04-08 16:32:28 [com.demo.web.servlet.Error404Servlet:44] - message=Not Found
2016-04-08 16:32:28 [com.demo.web.servlet.Error404Servlet:45] - requestUri=/css/bootstrap.min.css.map
2016-04-08 16:32:29 [com.demo.web.servlet.Error404Servlet:42] - statusCode=404
2016-04-08 16:32:29 [com.demo.web.servlet.Error404Servlet:43] - servletName=default
2016-04-08 16:32:29 [com.demo.web.servlet.Error404Servlet:44] - message=Not Found
2016-04-08 16:32:29 [com.demo.web.servlet.Error404Servlet:45] - requestUri=/toastr.js.map
2016-04-08 16:32:51 [com.demo.web.servlet.Error404Servlet:42] - statusCode=404
2016-04-08 16:32:51 [com.demo.web.servlet.Error404Servlet:43] - servletName=default
2016-04-08 16:32:51 [com.demo.web.servlet.Error404Servlet:44] - message=Not Found
2016-04-08 16:32:51 [com.demo.web.servlet.Error404Servlet:45] - requestUri=/css/bootstrap.min.css.map
2016-04-08 16:32:51 [com.demo.web.servlet.Error404Servlet:42] - statusCode=404
2016-04-08 16:32:51 [com.demo.web.servlet.Error404Servlet:43] - servletName=default
2016-04-08 16:32:51 [com.demo.web.servlet.Error404Servlet:44] - message=Not Found
2016-04-08 16:32:51 [com.demo.web.servlet.Error404Servlet:45] - requestUri=/toastr.js.map
2016-04-08 16:39:55 [com.demo.web.servlet.Error404Servlet:42] - statusCode=404
2016-04-08 16:39:55 [com.demo.web.servlet.Error404Servlet:43] - servletName=default
2016-04-08 16:39:55 [com.demo.web.servlet.Error404Servlet:44] - message=Not Found
2016-04-08 16:39:55 [com.demo.web.servlet.Error404Servlet:45] - requestUri=/css/bootstrap.min.css.map
2016-04-08 16:39:55 [com.demo.web.servlet.Error404Servlet:42] - statusCode=404
2016-04-08 16:39:55 [com.demo.web.servlet.Error404Servlet:43] - servletName=default
2016-04-08 16:39:55 [com.demo.web.servlet.Error404Servlet:44] - message=Not Found
2016-04-08 16:39:55 [com.demo.web.servlet.Error404Servlet:45] - requestUri=/toastr.js.map
2016-04-08 16:43:10 [com.demo.web.servlet.Error404Servlet:42] - statusCode=404
2016-04-08 16:43:10 [com.demo.web.servlet.Error404Servlet:43] - servletName=default
2016-04-08 16:43:10 [com.demo.web.servlet.Error404Servlet:44] - message=Not Found
2016-04-08 16:43:10 [com.demo.web.servlet.Error404Servlet:45] - requestUri=/css/bootstrap.min.css.map
2016-04-08 16:43:10 [com.demo.web.servlet.Error404Servlet:42] - statusCode=404
2016-04-08 16:43:10 [com.demo.web.servlet.Error404Servlet:43] - servletName=default
2016-04-08 16:43:10 [com.demo.web.servlet.Error404Servlet:44] - message=Not Found
2016-04-08 16:43:10 [com.demo.web.servlet.Error404Servlet:45] - requestUri=/toastr.js.map
2016-04-08 17:32:00 [org.quartz.ee.servlet.QuartzInitializerListener:147] - Quartz Initializer Servlet loaded, initializing Scheduler...
2016-04-08 17:32:00 [org.quartz.impl.StdSchedulerFactory:1172] - Using default implementation for ThreadExecutor
2016-04-08 17:32:00 [org.quartz.core.SchedulerSignalerImpl:61] - Initialized Scheduler Signaller of type: class org.quartz.core.SchedulerSignalerImpl
2016-04-08 17:32:00 [org.quartz.core.QuartzScheduler:240] - Quartz Scheduler v.2.2.2 created.
2016-04-08 17:32:00 [org.quartz.plugins.xml.XMLSchedulingDataProcessorPlugin:200] - Registering Quartz Job Initialization Plug-in.
2016-04-08 17:32:00 [org.quartz.simpl.RAMJobStore:155] - RAMJobStore initialized.
2016-04-08 17:32:00 [org.quartz.core.QuartzScheduler:305] - Scheduler meta-data: Quartz Scheduler (v2.2.2) 'MyScheduler' with instanceId 'NON_CLUSTERED'
  Scheduler class: 'org.quartz.core.QuartzScheduler' - running locally.
  NOT STARTED.
  Currently in standby mode.
  Number of jobs executed: 0
  Using thread pool 'org.quartz.simpl.SimpleThreadPool' - with 3 threads.
  Using job-store 'org.quartz.simpl.RAMJobStore' - which does not support persistence. and is not clustered.

2016-04-08 17:32:00 [org.quartz.impl.StdSchedulerFactory:1327] - Quartz scheduler 'MyScheduler' initialized from default resource file in Quartz package: 'quartz.properties'
2016-04-08 17:32:00 [org.quartz.impl.StdSchedulerFactory:1331] - Quartz scheduler version: 2.2.2
2016-04-08 17:32:00 [org.quartz.xml.XMLSchedulingDataProcessor:452] - Parsing XML file: quartz-config.xml with systemId: quartz-config.xml
2016-04-08 17:32:00 [org.quartz.xml.XMLSchedulingDataProcessor:977] - Adding 2 jobs, 2 triggers.
2016-04-08 17:32:00 [org.quartz.xml.XMLSchedulingDataProcessor:1015] - Adding job: AGroup.AJob
2016-04-08 17:32:00 [org.quartz.xml.XMLSchedulingDataProcessor:1015] - Adding job: BGroup.BJob
2016-04-08 17:32:00 [org.quartz.core.QuartzScheduler:575] - Scheduler MyScheduler_$_NON_CLUSTERED started.
2016-04-08 17:32:00 [org.quartz.ee.servlet.QuartzInitializerListener:199] - Scheduler has been started...
2016-04-08 17:32:00 [org.quartz.ee.servlet.QuartzInitializerListener:217] - Storing the Quartz Scheduler Factory in the servlet context at key: org.quartz.impl.StdSchedulerFactory.KEY
2016-04-08 17:32:03 [com.demo.job.city.CityToRedisJob:39] - 执行存入完成
2016-04-08 17:32:03 [com.demo.job.listener.ServerStartListener:25] - 服务器启动，执行city to redis job成功
2016-04-08 17:32:03 [com.demo.web.filter.CharacterEncodingFilter:70] - 初始化字符集过滤
2016-04-08 17:32:16 [com.demo.web.servlet.Error404Servlet:42] - statusCode=404
2016-04-08 17:32:16 [com.demo.web.servlet.Error404Servlet:43] - servletName=default
2016-04-08 17:32:16 [com.demo.web.servlet.Error404Servlet:44] - message=Not Found
2016-04-08 17:32:16 [com.demo.web.servlet.Error404Servlet:45] - requestUri=/css/bootstrap.min.css.map
2016-04-08 17:32:16 [com.demo.web.servlet.Error404Servlet:42] - statusCode=404
2016-04-08 17:32:16 [com.demo.web.servlet.Error404Servlet:43] - servletName=default
2016-04-08 17:32:16 [com.demo.web.servlet.Error404Servlet:44] - message=Not Found
2016-04-08 17:32:16 [com.demo.web.servlet.Error404Servlet:45] - requestUri=/toastr.js.map
2016-04-08 17:32:46 [com.demo.web.servlet.Error404Servlet:42] - statusCode=404
2016-04-08 17:32:46 [com.demo.web.servlet.Error404Servlet:43] - servletName=default
2016-04-08 17:32:46 [com.demo.web.servlet.Error404Servlet:44] - message=Not Found
2016-04-08 17:32:46 [com.demo.web.servlet.Error404Servlet:45] - requestUri=/css/bootstrap.min.css.map
2016-04-08 17:32:46 [com.demo.web.servlet.Error404Servlet:42] - statusCode=404
2016-04-08 17:32:46 [com.demo.web.servlet.Error404Servlet:43] - servletName=default
2016-04-08 17:32:46 [com.demo.web.servlet.Error404Servlet:44] - message=Not Found
2016-04-08 17:32:46 [com.demo.web.servlet.Error404Servlet:45] - requestUri=/toastr.js.map
2016-04-08 17:35:58 [com.demo.web.servlet.Error404Servlet:42] - statusCode=404
2016-04-08 17:35:58 [com.demo.web.servlet.Error404Servlet:43] - servletName=default
2016-04-08 17:35:58 [com.demo.web.servlet.Error404Servlet:44] - message=Not Found
2016-04-08 17:35:58 [com.demo.web.servlet.Error404Servlet:45] - requestUri=/css/bootstrap.min.css.map
2016-04-08 17:35:58 [com.demo.web.servlet.Error404Servlet:42] - statusCode=404
2016-04-08 17:35:58 [com.demo.web.servlet.Error404Servlet:43] - servletName=default
2016-04-08 17:35:58 [com.demo.web.servlet.Error404Servlet:44] - message=Not Found
2016-04-08 17:35:58 [com.demo.web.servlet.Error404Servlet:45] - requestUri=/toastr.js.map
2016-04-08 17:36:03 [com.demo.web.servlet.Error404Servlet:42] - statusCode=404
2016-04-08 17:36:03 [com.demo.web.servlet.Error404Servlet:43] - servletName=default
2016-04-08 17:36:03 [com.demo.web.servlet.Error404Servlet:44] - message=Not Found
2016-04-08 17:36:03 [com.demo.web.servlet.Error404Servlet:45] - requestUri=/css/bootstrap.min.css.map
2016-04-08 17:36:03 [com.demo.web.servlet.Error404Servlet:42] - statusCode=404
2016-04-08 17:36:03 [com.demo.web.servlet.Error404Servlet:43] - servletName=default
2016-04-08 17:36:03 [com.demo.web.servlet.Error404Servlet:44] - message=Not Found
2016-04-08 17:36:03 [com.demo.web.servlet.Error404Servlet:45] - requestUri=/toastr.js.map
2016-04-08 17:36:08 [com.demo.web.servlet.Error404Servlet:42] - statusCode=404
2016-04-08 17:36:08 [com.demo.web.servlet.Error404Servlet:43] - servletName=default
2016-04-08 17:36:08 [com.demo.web.servlet.Error404Servlet:44] - message=Not Found
2016-04-08 17:36:08 [com.demo.web.servlet.Error404Servlet:45] - requestUri=/css/bootstrap.min.css.map
2016-04-08 17:36:08 [com.demo.web.servlet.Error404Servlet:42] - statusCode=404
2016-04-08 17:36:08 [com.demo.web.servlet.Error404Servlet:43] - servletName=default
2016-04-08 17:36:08 [com.demo.web.servlet.Error404Servlet:44] - message=Not Found
2016-04-08 17:36:08 [com.demo.web.servlet.Error404Servlet:45] - requestUri=/toastr.js.map
2016-04-08 17:39:23 [com.demo.web.servlet.Error404Servlet:42] - statusCode=404
2016-04-08 17:39:23 [com.demo.web.servlet.Error404Servlet:43] - servletName=default
2016-04-08 17:39:23 [com.demo.web.servlet.Error404Servlet:44] - message=Not Found
2016-04-08 17:39:23 [com.demo.web.servlet.Error404Servlet:45] - requestUri=/css/bootstrap.min.css.map
2016-04-08 17:39:24 [com.demo.web.servlet.Error404Servlet:42] - statusCode=404
2016-04-08 17:39:24 [com.demo.web.servlet.Error404Servlet:43] - servletName=default
2016-04-08 17:39:24 [com.demo.web.servlet.Error404Servlet:44] - message=Not Found
2016-04-08 17:39:24 [com.demo.web.servlet.Error404Servlet:45] - requestUri=/toastr.js.map
2016-04-08 17:39:26 [com.demo.web.servlet.Error404Servlet:42] - statusCode=404
2016-04-08 17:39:26 [com.demo.web.servlet.Error404Servlet:43] - servletName=default
2016-04-08 17:39:26 [com.demo.web.servlet.Error404Servlet:44] - message=Not Found
2016-04-08 17:39:26 [com.demo.web.servlet.Error404Servlet:45] - requestUri=/css/bootstrap.min.css.map
2016-04-08 17:39:26 [com.demo.web.servlet.Error404Servlet:42] - statusCode=404
2016-04-08 17:39:26 [com.demo.web.servlet.Error404Servlet:43] - servletName=default
2016-04-08 17:39:26 [com.demo.web.servlet.Error404Servlet:44] - message=Not Found
2016-04-08 17:39:26 [com.demo.web.servlet.Error404Servlet:45] - requestUri=/toastr.js.map
2016-04-08 17:40:02 [com.demo.web.servlet.Error404Servlet:42] - statusCode=404
2016-04-08 17:40:02 [com.demo.web.servlet.Error404Servlet:43] - servletName=default
2016-04-08 17:40:02 [com.demo.web.servlet.Error404Servlet:44] - message=Not Found
2016-04-08 17:40:02 [com.demo.web.servlet.Error404Servlet:45] - requestUri=/css/bootstrap.min.css.map
2016-04-08 17:40:02 [com.demo.web.servlet.Error404Servlet:42] - statusCode=404
2016-04-08 17:40:02 [com.demo.web.servlet.Error404Servlet:43] - servletName=default
2016-04-08 17:40:02 [com.demo.web.servlet.Error404Servlet:44] - message=Not Found
2016-04-08 17:40:02 [com.demo.web.servlet.Error404Servlet:45] - requestUri=/toastr.js.map
2016-04-08 17:40:04 [com.demo.web.servlet.Error404Servlet:42] - statusCode=404
2016-04-08 17:40:04 [com.demo.web.servlet.Error404Servlet:43] - servletName=default
2016-04-08 17:40:04 [com.demo.web.servlet.Error404Servlet:44] - message=Not Found
2016-04-08 17:40:04 [com.demo.web.servlet.Error404Servlet:45] - requestUri=/css/bootstrap.min.css.map
2016-04-08 17:40:04 [com.demo.web.servlet.Error404Servlet:42] - statusCode=404
2016-04-08 17:40:04 [com.demo.web.servlet.Error404Servlet:43] - servletName=default
2016-04-08 17:40:04 [com.demo.web.servlet.Error404Servlet:44] - message=Not Found
2016-04-08 17:40:04 [com.demo.web.servlet.Error404Servlet:45] - requestUri=/toastr.js.map
2016-04-08 17:49:19 [com.demo.web.servlet.Error404Servlet:42] - statusCode=404
2016-04-08 17:49:19 [com.demo.web.servlet.Error404Servlet:43] - servletName=default
2016-04-08 17:49:19 [com.demo.web.servlet.Error404Servlet:44] - message=Not Found
2016-04-08 17:49:19 [com.demo.web.servlet.Error404Servlet:45] - requestUri=/css/bootstrap.min.css.map
2016-04-08 17:49:19 [com.demo.web.servlet.Error404Servlet:42] - statusCode=404
2016-04-08 17:49:19 [com.demo.web.servlet.Error404Servlet:43] - servletName=default
2016-04-08 17:49:19 [com.demo.web.servlet.Error404Servlet:44] - message=Not Found
2016-04-08 17:49:19 [com.demo.web.servlet.Error404Servlet:45] - requestUri=/toastr.js.map
2016-04-08 17:49:27 [com.demo.web.servlet.Error404Servlet:42] - statusCode=404
2016-04-08 17:49:27 [com.demo.web.servlet.Error404Servlet:43] - servletName=default
2016-04-08 17:49:27 [com.demo.web.servlet.Error404Servlet:44] - message=Not Found
2016-04-08 17:49:27 [com.demo.web.servlet.Error404Servlet:45] - requestUri=/css/bootstrap.min.css.map
2016-04-08 17:49:28 [com.demo.web.servlet.Error404Servlet:42] - statusCode=404
2016-04-08 17:49:28 [com.demo.web.servlet.Error404Servlet:43] - servletName=default
2016-04-08 17:49:28 [com.demo.web.servlet.Error404Servlet:44] - message=Not Found
2016-04-08 17:49:28 [com.demo.web.servlet.Error404Servlet:45] - requestUri=/toastr.js.map
2016-04-08 17:49:31 [com.demo.web.servlet.Error404Servlet:42] - statusCode=404
2016-04-08 17:49:31 [com.demo.web.servlet.Error404Servlet:43] - servletName=default
2016-04-08 17:49:31 [com.demo.web.servlet.Error404Servlet:44] - message=Not Found
2016-04-08 17:49:31 [com.demo.web.servlet.Error404Servlet:45] - requestUri=/css/bootstrap.min.css.map
2016-04-08 17:49:31 [com.demo.web.servlet.Error404Servlet:42] - statusCode=404
2016-04-08 17:49:31 [com.demo.web.servlet.Error404Servlet:43] - servletName=default
2016-04-08 17:49:31 [com.demo.web.servlet.Error404Servlet:44] - message=Not Found
2016-04-08 17:49:31 [com.demo.web.servlet.Error404Servlet:45] - requestUri=/toastr.js.map
2016-04-08 17:49:36 [com.demo.web.servlet.Error404Servlet:42] - statusCode=404
2016-04-08 17:49:36 [com.demo.web.servlet.Error404Servlet:43] - servletName=default
2016-04-08 17:49:36 [com.demo.web.servlet.Error404Servlet:44] - message=Not Found
2016-04-08 17:49:36 [com.demo.web.servlet.Error404Servlet:45] - requestUri=/css/bootstrap.min.css.map
2016-04-08 17:49:36 [com.demo.web.servlet.Error404Servlet:42] - statusCode=404
2016-04-08 17:49:36 [com.demo.web.servlet.Error404Servlet:43] - servletName=default
2016-04-08 17:49:36 [com.demo.web.servlet.Error404Servlet:44] - message=Not Found
2016-04-08 17:49:36 [com.demo.web.servlet.Error404Servlet:45] - requestUri=/toastr.js.map
2016-04-08 17:50:08 [com.demo.web.servlet.Error404Servlet:42] - statusCode=404
2016-04-08 17:50:08 [com.demo.web.servlet.Error404Servlet:43] - servletName=default
2016-04-08 17:50:08 [com.demo.web.servlet.Error404Servlet:44] - message=Not Found
2016-04-08 17:50:08 [com.demo.web.servlet.Error404Servlet:45] - requestUri=/css/bootstrap.min.css.map
2016-04-08 17:50:08 [com.demo.web.servlet.Error404Servlet:42] - statusCode=404
2016-04-08 17:50:08 [com.demo.web.servlet.Error404Servlet:43] - servletName=default
2016-04-08 17:50:08 [com.demo.web.servlet.Error404Servlet:44] - message=Not Found
2016-04-08 17:50:08 [com.demo.web.servlet.Error404Servlet:45] - requestUri=/toastr.js.map
2016-04-08 17:50:11 [com.demo.web.servlet.Error404Servlet:42] - statusCode=404
2016-04-08 17:50:11 [com.demo.web.servlet.Error404Servlet:43] - servletName=default
2016-04-08 17:50:11 [com.demo.web.servlet.Error404Servlet:44] - message=Not Found
2016-04-08 17:50:11 [com.demo.web.servlet.Error404Servlet:45] - requestUri=/css/bootstrap.min.css.map
2016-04-08 17:50:11 [com.demo.web.servlet.Error404Servlet:42] - statusCode=404
2016-04-08 17:50:11 [com.demo.web.servlet.Error404Servlet:43] - servletName=default
2016-04-08 17:50:11 [com.demo.web.servlet.Error404Servlet:44] - message=Not Found
2016-04-08 17:50:11 [com.demo.web.servlet.Error404Servlet:45] - requestUri=/toastr.js.map
2016-04-08 17:50:17 [com.demo.web.servlet.Error404Servlet:42] - statusCode=404
2016-04-08 17:50:17 [com.demo.web.servlet.Error404Servlet:43] - servletName=default
2016-04-08 17:50:17 [com.demo.web.servlet.Error404Servlet:44] - message=Not Found
2016-04-08 17:50:17 [com.demo.web.servlet.Error404Servlet:45] - requestUri=/css/bootstrap.min.css.map
2016-04-08 17:50:18 [com.demo.web.servlet.Error404Servlet:42] - statusCode=404
2016-04-08 17:50:18 [com.demo.web.servlet.Error404Servlet:43] - servletName=default
2016-04-08 17:50:18 [com.demo.web.servlet.Error404Servlet:44] - message=Not Found
2016-04-08 17:50:18 [com.demo.web.servlet.Error404Servlet:45] - requestUri=/toastr.js.map
2016-04-08 17:51:11 [com.demo.web.servlet.Error404Servlet:42] - statusCode=404
2016-04-08 17:51:11 [com.demo.web.servlet.Error404Servlet:43] - servletName=default
2016-04-08 17:51:11 [com.demo.web.servlet.Error404Servlet:44] - message=Not Found
2016-04-08 17:51:11 [com.demo.web.servlet.Error404Servlet:45] - requestUri=/css/bootstrap.min.css.map
2016-04-08 17:51:11 [com.demo.web.servlet.Error404Servlet:42] - statusCode=404
2016-04-08 17:51:11 [com.demo.web.servlet.Error404Servlet:43] - servletName=default
2016-04-08 17:51:11 [com.demo.web.servlet.Error404Servlet:44] - message=Not Found
2016-04-08 17:51:11 [com.demo.web.servlet.Error404Servlet:45] - requestUri=/toastr.js.map
2016-04-08 17:51:16 [com.demo.web.servlet.Error404Servlet:42] - statusCode=404
2016-04-08 17:51:16 [com.demo.web.servlet.Error404Servlet:43] - servletName=default
2016-04-08 17:51:16 [com.demo.web.servlet.Error404Servlet:44] - message=Not Found
2016-04-08 17:51:16 [com.demo.web.servlet.Error404Servlet:45] - requestUri=/css/bootstrap.min.css.map
2016-04-08 17:51:16 [com.demo.web.servlet.Error404Servlet:42] - statusCode=404
2016-04-08 17:51:16 [com.demo.web.servlet.Error404Servlet:43] - servletName=default
2016-04-08 17:51:16 [com.demo.web.servlet.Error404Servlet:44] - message=Not Found
2016-04-08 17:51:16 [com.demo.web.servlet.Error404Servlet:45] - requestUri=/toastr.js.map
2016-04-08 17:51:18 [com.demo.web.servlet.Error404Servlet:42] - statusCode=404
2016-04-08 17:51:18 [com.demo.web.servlet.Error404Servlet:43] - servletName=default
2016-04-08 17:51:18 [com.demo.web.servlet.Error404Servlet:44] - message=Not Found
2016-04-08 17:51:18 [com.demo.web.servlet.Error404Servlet:45] - requestUri=/css/bootstrap.min.css.map
2016-04-08 17:51:18 [com.demo.web.servlet.Error404Servlet:42] - statusCode=404
2016-04-08 17:51:18 [com.demo.web.servlet.Error404Servlet:43] - servletName=default
2016-04-08 17:51:18 [com.demo.web.servlet.Error404Servlet:44] - message=Not Found
2016-04-08 17:51:18 [com.demo.web.servlet.Error404Servlet:45] - requestUri=/toastr.js.map
2016-04-08 17:52:45 [com.demo.web.servlet.Error404Servlet:42] - statusCode=404
2016-04-08 17:52:45 [com.demo.web.servlet.Error404Servlet:43] - servletName=default
2016-04-08 17:52:45 [com.demo.web.servlet.Error404Servlet:44] - message=Not Found
2016-04-08 17:52:45 [com.demo.web.servlet.Error404Servlet:45] - requestUri=/css/bootstrap.min.css.map
2016-04-08 17:52:45 [com.demo.web.servlet.Error404Servlet:42] - statusCode=404
2016-04-08 17:52:45 [com.demo.web.servlet.Error404Servlet:43] - servletName=default
2016-04-08 17:52:45 [com.demo.web.servlet.Error404Servlet:44] - message=Not Found
2016-04-08 17:52:45 [com.demo.web.servlet.Error404Servlet:45] - requestUri=/toastr.js.map
2016-04-08 17:52:47 [com.demo.web.servlet.Error404Servlet:42] - statusCode=404
2016-04-08 17:52:47 [com.demo.web.servlet.Error404Servlet:43] - servletName=default
2016-04-08 17:52:47 [com.demo.web.servlet.Error404Servlet:44] - message=Not Found
2016-04-08 17:52:47 [com.demo.web.servlet.Error404Servlet:45] - requestUri=/css/bootstrap.min.css.map
2016-04-08 17:52:48 [com.demo.web.servlet.Error404Servlet:42] - statusCode=404
2016-04-08 17:52:48 [com.demo.web.servlet.Error404Servlet:43] - servletName=default
2016-04-08 17:52:48 [com.demo.web.servlet.Error404Servlet:44] - message=Not Found
2016-04-08 17:52:48 [com.demo.web.servlet.Error404Servlet:45] - requestUri=/toastr.js.map
2016-04-08 17:55:16 [com.demo.web.servlet.Error404Servlet:42] - statusCode=404
2016-04-08 17:55:16 [com.demo.web.servlet.Error404Servlet:43] - servletName=default
2016-04-08 17:55:16 [com.demo.web.servlet.Error404Servlet:44] - message=Not Found
2016-04-08 17:55:16 [com.demo.web.servlet.Error404Servlet:45] - requestUri=/css/bootstrap.min.css.map
2016-04-08 17:55:16 [com.demo.web.servlet.Error404Servlet:42] - statusCode=404
2016-04-08 17:55:16 [com.demo.web.servlet.Error404Servlet:43] - servletName=default
2016-04-08 17:55:16 [com.demo.web.servlet.Error404Servlet:44] - message=Not Found
2016-04-08 17:55:17 [com.demo.web.servlet.Error404Servlet:45] - requestUri=/toastr.js.map
2016-04-08 17:55:19 [com.demo.web.servlet.Error404Servlet:42] - statusCode=404
2016-04-08 17:55:19 [com.demo.web.servlet.Error404Servlet:43] - servletName=default
2016-04-08 17:55:19 [com.demo.web.servlet.Error404Servlet:44] - message=Not Found
2016-04-08 17:55:19 [com.demo.web.servlet.Error404Servlet:45] - requestUri=/css/bootstrap.min.css.map
2016-04-08 17:55:19 [com.demo.web.servlet.Error404Servlet:42] - statusCode=404
2016-04-08 17:55:19 [com.demo.web.servlet.Error404Servlet:43] - servletName=default
2016-04-08 17:55:19 [com.demo.web.servlet.Error404Servlet:44] - message=Not Found
2016-04-08 17:55:19 [com.demo.web.servlet.Error404Servlet:45] - requestUri=/toastr.js.map
2016-04-08 17:58:17 [com.demo.web.servlet.Error404Servlet:42] - statusCode=404
2016-04-08 17:58:17 [com.demo.web.servlet.Error404Servlet:43] - servletName=default
2016-04-08 17:58:17 [com.demo.web.servlet.Error404Servlet:44] - message=Not Found
2016-04-08 17:58:17 [com.demo.web.servlet.Error404Servlet:45] - requestUri=/css/bootstrap.min.css.map
2016-04-08 17:58:17 [com.demo.web.servlet.Error404Servlet:42] - statusCode=404
2016-04-08 17:58:17 [com.demo.web.servlet.Error404Servlet:43] - servletName=default
2016-04-08 17:58:17 [com.demo.web.servlet.Error404Servlet:44] - message=Not Found
2016-04-08 17:58:17 [com.demo.web.servlet.Error404Servlet:45] - requestUri=/toastr.js.map
2016-04-08 17:58:20 [com.demo.web.servlet.Error404Servlet:42] - statusCode=404
2016-04-08 17:58:20 [com.demo.web.servlet.Error404Servlet:43] - servletName=default
2016-04-08 17:58:20 [com.demo.web.servlet.Error404Servlet:44] - message=Not Found
2016-04-08 17:58:20 [com.demo.web.servlet.Error404Servlet:45] - requestUri=/css/bootstrap.min.css.map
2016-04-08 17:58:20 [com.demo.web.servlet.Error404Servlet:42] - statusCode=404
2016-04-08 17:58:20 [com.demo.web.servlet.Error404Servlet:43] - servletName=default
2016-04-08 17:58:20 [com.demo.web.servlet.Error404Servlet:44] - message=Not Found
2016-04-08 17:58:20 [com.demo.web.servlet.Error404Servlet:45] - requestUri=/toastr.js.map
2016-04-08 17:59:37 [com.demo.web.servlet.Error404Servlet:42] - statusCode=404
2016-04-08 17:59:37 [com.demo.web.servlet.Error404Servlet:43] - servletName=default
2016-04-08 17:59:37 [com.demo.web.servlet.Error404Servlet:44] - message=Not Found
2016-04-08 17:59:37 [com.demo.web.servlet.Error404Servlet:45] - requestUri=/css/bootstrap.min.css.map
2016-04-08 17:59:37 [com.demo.web.servlet.Error404Servlet:42] - statusCode=404
2016-04-08 17:59:37 [com.demo.web.servlet.Error404Servlet:43] - servletName=default
2016-04-08 17:59:37 [com.demo.web.servlet.Error404Servlet:44] - message=Not Found
2016-04-08 17:59:37 [com.demo.web.servlet.Error404Servlet:45] - requestUri=/toastr.js.map
2016-04-08 17:59:54 [com.demo.web.servlet.Error404Servlet:42] - statusCode=404
2016-04-08 17:59:54 [com.demo.web.servlet.Error404Servlet:43] - servletName=default
2016-04-08 17:59:54 [com.demo.web.servlet.Error404Servlet:44] - message=Not Found
2016-04-08 17:59:54 [com.demo.web.servlet.Error404Servlet:45] - requestUri=/css/bootstrap.min.css.map
2016-04-08 17:59:54 [com.demo.web.servlet.Error404Servlet:42] - statusCode=404
2016-04-08 17:59:54 [com.demo.web.servlet.Error404Servlet:43] - servletName=default
2016-04-08 17:59:54 [com.demo.web.servlet.Error404Servlet:44] - message=Not Found
2016-04-08 17:59:54 [com.demo.web.servlet.Error404Servlet:45] - requestUri=/toastr.js.map
2016-04-08 18:01:05 [com.demo.web.servlet.Error404Servlet:42] - statusCode=404
2016-04-08 18:01:05 [com.demo.web.servlet.Error404Servlet:43] - servletName=default
2016-04-08 18:01:05 [com.demo.web.servlet.Error404Servlet:44] - message=Not Found
2016-04-08 18:01:05 [com.demo.web.servlet.Error404Servlet:45] - requestUri=/css/bootstrap.min.css.map
2016-04-08 18:01:06 [com.demo.web.servlet.Error404Servlet:42] - statusCode=404
2016-04-08 18:01:06 [com.demo.web.servlet.Error404Servlet:43] - servletName=default
2016-04-08 18:01:06 [com.demo.web.servlet.Error404Servlet:44] - message=Not Found
2016-04-08 18:01:06 [com.demo.web.servlet.Error404Servlet:45] - requestUri=/toastr.js.map
2016-04-08 18:04:12 [com.demo.web.servlet.Error404Servlet:42] - statusCode=404
2016-04-08 18:04:12 [com.demo.web.servlet.Error404Servlet:43] - servletName=default
2016-04-08 18:04:12 [com.demo.web.servlet.Error404Servlet:44] - message=Not Found
2016-04-08 18:04:12 [com.demo.web.servlet.Error404Servlet:45] - requestUri=/css/bootstrap.min.css.map
2016-04-08 18:04:12 [com.demo.web.servlet.Error404Servlet:42] - statusCode=404
2016-04-08 18:04:12 [com.demo.web.servlet.Error404Servlet:43] - servletName=default
2016-04-08 18:04:13 [com.demo.web.servlet.Error404Servlet:44] - message=Not Found
2016-04-08 18:04:13 [com.demo.web.servlet.Error404Servlet:45] - requestUri=/toastr.js.map
2016-04-08 18:06:09 [com.demo.web.servlet.Error404Servlet:42] - statusCode=404
2016-04-08 18:06:09 [com.demo.web.servlet.Error404Servlet:43] - servletName=default
2016-04-08 18:06:09 [com.demo.web.servlet.Error404Servlet:44] - message=Not Found
2016-04-08 18:06:09 [com.demo.web.servlet.Error404Servlet:45] - requestUri=/css/bootstrap.min.css.map
2016-04-08 18:06:10 [com.demo.web.servlet.Error404Servlet:42] - statusCode=404
2016-04-08 18:06:10 [com.demo.web.servlet.Error404Servlet:43] - servletName=default
2016-04-08 18:06:10 [com.demo.web.servlet.Error404Servlet:44] - message=Not Found
2016-04-08 18:06:10 [com.demo.web.servlet.Error404Servlet:45] - requestUri=/toastr.js.map
2016-04-08 18:09:23 [com.demo.web.servlet.Error404Servlet:42] - statusCode=404
2016-04-08 18:09:23 [com.demo.web.servlet.Error404Servlet:43] - servletName=default
2016-04-08 18:09:23 [com.demo.web.servlet.Error404Servlet:44] - message=Not Found
2016-04-08 18:09:23 [com.demo.web.servlet.Error404Servlet:45] - requestUri=/css/bootstrap.min.css.map
2016-04-08 18:09:23 [com.demo.web.servlet.Error404Servlet:42] - statusCode=404
2016-04-08 18:09:23 [com.demo.web.servlet.Error404Servlet:43] - servletName=default
2016-04-08 18:09:23 [com.demo.web.servlet.Error404Servlet:44] - message=Not Found
2016-04-08 18:09:23 [com.demo.web.servlet.Error404Servlet:45] - requestUri=/toastr.js.map
2016-04-08 18:11:59 [com.demo.web.servlet.Error404Servlet:42] - statusCode=404
2016-04-08 18:11:59 [com.demo.web.servlet.Error404Servlet:43] - servletName=default
2016-04-08 18:11:59 [com.demo.web.servlet.Error404Servlet:44] - message=Not Found
2016-04-08 18:11:59 [com.demo.web.servlet.Error404Servlet:45] - requestUri=/css/bootstrap.min.css.map
2016-04-08 18:12:00 [com.demo.web.servlet.Error404Servlet:42] - statusCode=404
2016-04-08 18:12:00 [com.demo.web.servlet.Error404Servlet:43] - servletName=default
2016-04-08 18:12:00 [com.demo.web.servlet.Error404Servlet:44] - message=Not Found
2016-04-08 18:12:00 [com.demo.web.servlet.Error404Servlet:45] - requestUri=/toastr.js.map
2016-04-08 18:13:58 [org.quartz.ee.servlet.QuartzInitializerListener:147] - Quartz Initializer Servlet loaded, initializing Scheduler...
2016-04-08 18:13:58 [org.quartz.impl.StdSchedulerFactory:1172] - Using default implementation for ThreadExecutor
2016-04-08 18:13:58 [org.quartz.core.SchedulerSignalerImpl:61] - Initialized Scheduler Signaller of type: class org.quartz.core.SchedulerSignalerImpl
2016-04-08 18:13:58 [org.quartz.core.QuartzScheduler:240] - Quartz Scheduler v.2.2.2 created.
2016-04-08 18:13:58 [org.quartz.plugins.xml.XMLSchedulingDataProcessorPlugin:200] - Registering Quartz Job Initialization Plug-in.
2016-04-08 18:13:58 [org.quartz.simpl.RAMJobStore:155] - RAMJobStore initialized.
2016-04-08 18:13:58 [org.quartz.core.QuartzScheduler:305] - Scheduler meta-data: Quartz Scheduler (v2.2.2) 'MyScheduler' with instanceId 'NON_CLUSTERED'
  Scheduler class: 'org.quartz.core.QuartzScheduler' - running locally.
  NOT STARTED.
  Currently in standby mode.
  Number of jobs executed: 0
  Using thread pool 'org.quartz.simpl.SimpleThreadPool' - with 3 threads.
  Using job-store 'org.quartz.simpl.RAMJobStore' - which does not support persistence. and is not clustered.

2016-04-08 18:13:58 [org.quartz.impl.StdSchedulerFactory:1327] - Quartz scheduler 'MyScheduler' initialized from default resource file in Quartz package: 'quartz.properties'
2016-04-08 18:13:58 [org.quartz.impl.StdSchedulerFactory:1331] - Quartz scheduler version: 2.2.2
2016-04-08 18:13:58 [org.quartz.xml.XMLSchedulingDataProcessor:452] - Parsing XML file: quartz-config.xml with systemId: quartz-config.xml
2016-04-08 18:13:58 [org.quartz.xml.XMLSchedulingDataProcessor:977] - Adding 2 jobs, 2 triggers.
2016-04-08 18:13:58 [org.quartz.xml.XMLSchedulingDataProcessor:1015] - Adding job: AGroup.AJob
2016-04-08 18:13:58 [org.quartz.xml.XMLSchedulingDataProcessor:1015] - Adding job: BGroup.BJob
2016-04-08 18:13:58 [org.quartz.core.QuartzScheduler:575] - Scheduler MyScheduler_$_NON_CLUSTERED started.
2016-04-08 18:13:58 [org.quartz.ee.servlet.QuartzInitializerListener:199] - Scheduler has been started...
2016-04-08 18:13:58 [org.quartz.ee.servlet.QuartzInitializerListener:217] - Storing the Quartz Scheduler Factory in the servlet context at key: org.quartz.impl.StdSchedulerFactory.KEY
2016-04-08 18:14:02 [com.demo.job.city.CityToRedisJob:39] - 执行存入完成
2016-04-08 18:14:02 [com.demo.job.listener.ServerStartListener:25] - 服务器启动，执行city to redis job成功
2016-04-08 18:14:02 [com.demo.web.filter.CharacterEncodingFilter:70] - 初始化字符集过滤
2016-04-08 18:14:10 [com.demo.web.servlet.Error404Servlet:42] - statusCode=404
2016-04-08 18:14:10 [com.demo.web.servlet.Error404Servlet:43] - servletName=default
2016-04-08 18:14:10 [com.demo.web.servlet.Error404Servlet:44] - message=Not Found
2016-04-08 18:14:10 [com.demo.web.servlet.Error404Servlet:45] - requestUri=/css/bootstrap.min.css.map
2016-04-08 18:14:10 [com.demo.web.servlet.Error404Servlet:42] - statusCode=404
2016-04-08 18:14:10 [com.demo.web.servlet.Error404Servlet:43] - servletName=default
2016-04-08 18:14:10 [com.demo.web.servlet.Error404Servlet:44] - message=Not Found
2016-04-08 18:14:10 [com.demo.web.servlet.Error404Servlet:45] - requestUri=/toastr.js.map
2016-04-08 18:14:16 [com.demo.web.servlet.Error404Servlet:42] - statusCode=404
2016-04-08 18:14:16 [com.demo.web.servlet.Error404Servlet:43] - servletName=default
2016-04-08 18:14:16 [com.demo.web.servlet.Error404Servlet:44] - message=Not Found
2016-04-08 18:14:16 [com.demo.web.servlet.Error404Servlet:45] - requestUri=/css/bootstrap.min.css.map
2016-04-08 18:14:16 [com.demo.web.servlet.Error404Servlet:42] - statusCode=404
2016-04-08 18:14:16 [com.demo.web.servlet.Error404Servlet:43] - servletName=default
2016-04-08 18:14:16 [com.demo.web.servlet.Error404Servlet:44] - message=Not Found
2016-04-08 18:14:16 [com.demo.web.servlet.Error404Servlet:45] - requestUri=/toastr.js.map
2016-04-08 18:14:21 [com.demo.web.servlet.Error404Servlet:42] - statusCode=404
2016-04-08 18:14:21 [com.demo.web.servlet.Error404Servlet:43] - servletName=default
2016-04-08 18:14:21 [com.demo.web.servlet.Error404Servlet:44] - message=Not Found
2016-04-08 18:14:21 [com.demo.web.servlet.Error404Servlet:45] - requestUri=/css/bootstrap.min.css.map
2016-04-08 18:14:22 [com.demo.web.servlet.Error404Servlet:42] - statusCode=404
2016-04-08 18:14:22 [com.demo.web.servlet.Error404Servlet:43] - servletName=default
2016-04-08 18:14:22 [com.demo.web.servlet.Error404Servlet:44] - message=Not Found
2016-04-08 18:14:22 [com.demo.web.servlet.Error404Servlet:45] - requestUri=/toastr.js.map
2016-04-08 18:17:05 [com.demo.web.servlet.Error404Servlet:42] - statusCode=404
2016-04-08 18:17:05 [com.demo.web.servlet.Error404Servlet:43] - servletName=default
2016-04-08 18:17:05 [com.demo.web.servlet.Error404Servlet:44] - message=Not Found
2016-04-08 18:17:05 [com.demo.web.servlet.Error404Servlet:45] - requestUri=/toastr.js.map
2016-04-08 18:17:05 [com.demo.web.servlet.Error404Servlet:42] - statusCode=404
2016-04-08 18:17:05 [com.demo.web.servlet.Error404Servlet:43] - servletName=default
2016-04-08 18:17:05 [com.demo.web.servlet.Error404Servlet:44] - message=Not Found
2016-04-08 18:17:05 [com.demo.web.servlet.Error404Servlet:45] - requestUri=/css/bootstrap.min.css.map
2016-04-08 18:17:08 [com.demo.web.servlet.Error404Servlet:42] - statusCode=404
2016-04-08 18:17:08 [com.demo.web.servlet.Error404Servlet:43] - servletName=default
2016-04-08 18:17:08 [com.demo.web.servlet.Error404Servlet:44] - message=Not Found
2016-04-08 18:17:08 [com.demo.web.servlet.Error404Servlet:45] - requestUri=/css/bootstrap.min.css.map
2016-04-08 18:17:08 [com.demo.web.servlet.Error404Servlet:42] - statusCode=404
2016-04-08 18:17:08 [com.demo.web.servlet.Error404Servlet:43] - servletName=default
2016-04-08 18:17:08 [com.demo.web.servlet.Error404Servlet:44] - message=Not Found
2016-04-08 18:17:08 [com.demo.web.servlet.Error404Servlet:45] - requestUri=/toastr.js.map
2016-04-08 18:22:57 [com.demo.web.servlet.Error404Servlet:42] - statusCode=404
2016-04-08 18:22:57 [com.demo.web.servlet.Error404Servlet:43] - servletName=default
2016-04-08 18:22:57 [com.demo.web.servlet.Error404Servlet:44] - message=Not Found
2016-04-08 18:22:57 [com.demo.web.servlet.Error404Servlet:45] - requestUri=/css/bootstrap.min.css.map
2016-04-08 18:22:57 [com.demo.web.servlet.Error404Servlet:42] - statusCode=404
2016-04-08 18:22:57 [com.demo.web.servlet.Error404Servlet:43] - servletName=default
2016-04-08 18:22:57 [com.demo.web.servlet.Error404Servlet:44] - message=Not Found
2016-04-08 18:22:57 [com.demo.web.servlet.Error404Servlet:45] - requestUri=/toastr.js.map
2016-04-08 18:23:12 [com.demo.web.servlet.Error404Servlet:42] - statusCode=404
2016-04-08 18:23:12 [com.demo.web.servlet.Error404Servlet:43] - servletName=default
2016-04-08 18:23:12 [com.demo.web.servlet.Error404Servlet:44] - message=Not Found
2016-04-08 18:23:12 [com.demo.web.servlet.Error404Servlet:45] - requestUri=/css/bootstrap.min.css.map
2016-04-08 18:23:12 [com.demo.web.servlet.Error404Servlet:42] - statusCode=404
2016-04-08 18:23:12 [com.demo.web.servlet.Error404Servlet:43] - servletName=default
2016-04-08 18:23:12 [com.demo.web.servlet.Error404Servlet:44] - message=Not Found
2016-04-08 18:23:12 [com.demo.web.servlet.Error404Servlet:45] - requestUri=/toastr.js.map
2016-04-08 18:24:43 [com.demo.web.servlet.Error404Servlet:42] - statusCode=404
2016-04-08 18:24:43 [com.demo.web.servlet.Error404Servlet:43] - servletName=default
2016-04-08 18:24:43 [com.demo.web.servlet.Error404Servlet:44] - message=Not Found
2016-04-08 18:24:43 [com.demo.web.servlet.Error404Servlet:45] - requestUri=/css/bootstrap.min.css.map
2016-04-08 18:24:43 [com.demo.web.servlet.Error404Servlet:42] - statusCode=404
2016-04-08 18:24:43 [com.demo.web.servlet.Error404Servlet:43] - servletName=default
2016-04-08 18:24:43 [com.demo.web.servlet.Error404Servlet:44] - message=Not Found
2016-04-08 18:24:43 [com.demo.web.servlet.Error404Servlet:45] - requestUri=/toastr.js.map
2016-04-08 18:25:03 [com.demo.web.servlet.Error404Servlet:42] - statusCode=404
2016-04-08 18:25:03 [com.demo.web.servlet.Error404Servlet:43] - servletName=default
2016-04-08 18:25:03 [com.demo.web.servlet.Error404Servlet:44] - message=Not Found
2016-04-08 18:25:03 [com.demo.web.servlet.Error404Servlet:45] - requestUri=/css/bootstrap.min.css.map
2016-04-08 18:25:03 [com.demo.web.servlet.Error404Servlet:42] - statusCode=404
2016-04-08 18:25:03 [com.demo.web.servlet.Error404Servlet:43] - servletName=default
2016-04-08 18:25:03 [com.demo.web.servlet.Error404Servlet:44] - message=Not Found
2016-04-08 18:25:03 [com.demo.web.servlet.Error404Servlet:45] - requestUri=/toastr.js.map
